{"C:\\Bot\\index.js": {"path":"C:\\Bot\\index.js","statementMap":{"0":{"start":{"line":1,"column":27},"end":{"line":1,"column":58}},"1":{"start":{"line":2,"column":16},"end":{"line":2,"column":40}},"2":{"start":{"line":3,"column":13},"end":{"line":3,"column":34}},"3":{"start":{"line":4,"column":14},"end":{"line":4,"column":36}},"4":{"start":{"line":5,"column":19},"end":{"line":5,"column":40}},"5":{"start":{"line":6,"column":16},"end":{"line":6,"column":36}},"6":{"start":{"line":7,"column":11},"end":{"line":7,"column":24}},"7":{"start":{"line":12,"column":0},"end":{"line":12,"column":24}},"8":{"start":{"line":13,"column":0},"end":{"line":13,"column":71}},"9":{"start":{"line":13,"column":35},"end":{"line":13,"column":70}},"10":{"start":{"line":15,"column":20},"end":{"line":15,"column":67}},"11":{"start":{"line":16,"column":16},"end":{"line":16,"column":65}},"12":{"start":{"line":17,"column":16},"end":{"line":17,"column":71}},"13":{"start":{"line":17,"column":28},"end":{"line":17,"column":71}},"14":{"start":{"line":27,"column":8},"end":{"line":27,"column":15}},"15":{"start":{"line":30,"column":4},"end":{"line":30,"column":32}},"16":{"start":{"line":31,"column":4},"end":{"line":31,"column":21}},"17":{"start":{"line":32,"column":4},"end":{"line":32,"column":61}},"18":{"start":{"line":33,"column":4},"end":{"line":33,"column":35}},"19":{"start":{"line":38,"column":14},"end":{"line":106,"column":5}},"20":{"start":{"line":39,"column":8},"end":{"line":39,"column":47}},"21":{"start":{"line":41,"column":8},"end":{"line":44,"column":10}},"22":{"start":{"line":42,"column":12},"end":{"line":42,"column":48}},"23":{"start":{"line":43,"column":12},"end":{"line":43,"column":85}},"24":{"start":{"line":43,"column":64},"end":{"line":43,"column":85}},"25":{"start":{"line":46,"column":8},"end":{"line":54,"column":11}},"26":{"start":{"line":47,"column":12},"end":{"line":52,"column":14}},"27":{"start":{"line":49,"column":16},"end":{"line":51,"column":17}},"28":{"start":{"line":50,"column":20},"end":{"line":50,"column":40}},"29":{"start":{"line":53,"column":12},"end":{"line":53,"column":39}},"30":{"start":{"line":56,"column":8},"end":{"line":60,"column":15}},"31":{"start":{"line":57,"column":12},"end":{"line":57,"column":39}},"32":{"start":{"line":58,"column":12},"end":{"line":58,"column":31}},"33":{"start":{"line":59,"column":12},"end":{"line":59,"column":30}},"34":{"start":{"line":63,"column":8},"end":{"line":70,"column":11}},"35":{"start":{"line":64,"column":27},"end":{"line":64,"column":65}},"36":{"start":{"line":65,"column":12},"end":{"line":69,"column":13}},"37":{"start":{"line":66,"column":13},"end":{"line":66,"column":238}},"38":{"start":{"line":66,"column":172},"end":{"line":66,"column":198}},"39":{"start":{"line":66,"column":211},"end":{"line":66,"column":237}},"40":{"start":{"line":68,"column":16},"end":{"line":68,"column":154}},"41":{"start":{"line":78,"column":4},"end":{"line":99,"column":6}},"42":{"start":{"line":79,"column":19},"end":{"line":79,"column":46}},"43":{"start":{"line":81,"column":4},"end":{"line":98,"column":5}},"44":{"start":{"line":82,"column":4},"end":{"line":85,"column":8}},"45":{"start":{"line":83,"column":10},"end":{"line":83,"column":36}},"46":{"start":{"line":84,"column":10},"end":{"line":84,"column":36}},"47":{"start":{"line":88,"column":8},"end":{"line":97,"column":9}},"48":{"start":{"line":89,"column":8},"end":{"line":92,"column":10}},"49":{"start":{"line":90,"column":10},"end":{"line":90,"column":36}},"50":{"start":{"line":91,"column":10},"end":{"line":91,"column":36}},"51":{"start":{"line":94,"column":8},"end":{"line":96,"column":10}},"52":{"start":{"line":95,"column":10},"end":{"line":95,"column":121}},"53":{"start":{"line":102,"column":8},"end":{"line":105,"column":11}},"54":{"start":{"line":103,"column":12},"end":{"line":104,"column":58}},"55":{"start":{"line":104,"column":24},"end":{"line":104,"column":57}},"56":{"start":{"line":109,"column":4},"end":{"line":109,"column":76}},"57":{"start":{"line":110,"column":4},"end":{"line":113,"column":6}},"58":{"start":{"line":111,"column":8},"end":{"line":111,"column":46}},"59":{"start":{"line":112,"column":8},"end":{"line":112,"column":18}},"60":{"start":{"line":121,"column":4},"end":{"line":128,"column":6}},"61":{"start":{"line":122,"column":8},"end":{"line":127,"column":9}},"62":{"start":{"line":123,"column":12},"end":{"line":123,"column":57}},"63":{"start":{"line":124,"column":12},"end":{"line":124,"column":21}},"64":{"start":{"line":126,"column":12},"end":{"line":126,"column":21}},"65":{"start":{"line":131,"column":0},"end":{"line":133,"column":41}},"66":{"start":{"line":132,"column":20},"end":{"line":132,"column":33}},"67":{"start":{"line":133,"column":22},"end":{"line":133,"column":40}}},"fnMap":{"0":{"name":"(anonymous_0)","decl":{"start":{"line":13,"column":25},"end":{"line":13,"column":26}},"loc":{"start":{"line":13,"column":35},"end":{"line":13,"column":70}},"line":13},"1":{"name":"(anonymous_1)","decl":{"start":{"line":17,"column":16},"end":{"line":17,"column":17}},"loc":{"start":{"line":17,"column":28},"end":{"line":17,"column":71}},"line":17},"2":{"name":"restartAwal","decl":{"start":{"line":29,"column":9},"end":{"line":29,"column":20}},"loc":{"start":{"line":29,"column":28},"end":{"line":35,"column":1}},"line":29},"3":{"name":"(anonymous_3)","decl":{"start":{"line":38,"column":14},"end":{"line":38,"column":15}},"loc":{"start":{"line":38,"column":47},"end":{"line":106,"column":5}},"line":38},"4":{"name":"(anonymous_4)","decl":{"start":{"line":41,"column":30},"end":{"line":41,"column":31}},"loc":{"start":{"line":41,"column":41},"end":{"line":44,"column":9}},"line":41},"5":{"name":"(anonymous_5)","decl":{"start":{"line":46,"column":26},"end":{"line":46,"column":27}},"loc":{"start":{"line":46,"column":45},"end":{"line":54,"column":9}},"line":46},"6":{"name":"(anonymous_6)","decl":{"start":{"line":48,"column":18},"end":{"line":48,"column":19}},"loc":{"start":{"line":48,"column":27},"end":{"line":52,"column":13}},"line":48},"7":{"name":"(anonymous_7)","decl":{"start":{"line":56,"column":44},"end":{"line":56,"column":45}},"loc":{"start":{"line":56,"column":60},"end":{"line":60,"column":13}},"line":56},"8":{"name":"(anonymous_8)","decl":{"start":{"line":63,"column":31},"end":{"line":63,"column":32}},"loc":{"start":{"line":63,"column":41},"end":{"line":70,"column":9}},"line":63},"9":{"name":"(anonymous_9)","decl":{"start":{"line":66,"column":166},"end":{"line":66,"column":167}},"loc":{"start":{"line":66,"column":172},"end":{"line":66,"column":198}},"line":66},"10":{"name":"(anonymous_10)","decl":{"start":{"line":66,"column":205},"end":{"line":66,"column":206}},"loc":{"start":{"line":66,"column":211},"end":{"line":66,"column":237}},"line":66},"11":{"name":"(anonymous_11)","decl":{"start":{"line":78,"column":26},"end":{"line":78,"column":27}},"loc":{"start":{"line":78,"column":42},"end":{"line":99,"column":5}},"line":78},"12":{"name":"(anonymous_12)","decl":{"start":{"line":82,"column":166},"end":{"line":82,"column":167}},"loc":{"start":{"line":82,"column":172},"end":{"line":85,"column":7}},"line":82},"13":{"name":"(anonymous_13)","decl":{"start":{"line":89,"column":125},"end":{"line":89,"column":126}},"loc":{"start":{"line":89,"column":131},"end":{"line":92,"column":9}},"line":89},"14":{"name":"(anonymous_14)","decl":{"start":{"line":94,"column":56},"end":{"line":94,"column":57}},"loc":{"start":{"line":94,"column":68},"end":{"line":96,"column":9}},"line":94},"15":{"name":"(anonymous_15)","decl":{"start":{"line":102,"column":32},"end":{"line":102,"column":33}},"loc":{"start":{"line":102,"column":48},"end":{"line":105,"column":9}},"line":102},"16":{"name":"(anonymous_16)","decl":{"start":{"line":104,"column":18},"end":{"line":104,"column":19}},"loc":{"start":{"line":104,"column":24},"end":{"line":104,"column":57}},"line":104},"17":{"name":"nocache","decl":{"start":{"line":108,"column":13},"end":{"line":108,"column":20}},"loc":{"start":{"line":108,"column":45},"end":{"line":114,"column":1}},"line":108},"18":{"name":"(anonymous_18)","decl":{"start":{"line":108,"column":34},"end":{"line":108,"column":35}},"loc":{"start":{"line":108,"column":40},"end":{"line":108,"column":43}},"line":108},"19":{"name":"(anonymous_19)","decl":{"start":{"line":110,"column":42},"end":{"line":110,"column":43}},"loc":{"start":{"line":110,"column":54},"end":{"line":113,"column":5}},"line":110},"20":{"name":"uncache","decl":{"start":{"line":120,"column":9},"end":{"line":120,"column":16}},"loc":{"start":{"line":120,"column":31},"end":{"line":129,"column":1}},"line":120},"21":{"name":"(anonymous_21)","decl":{"start":{"line":121,"column":23},"end":{"line":121,"column":24}},"loc":{"start":{"line":121,"column":44},"end":{"line":128,"column":5}},"line":121},"22":{"name":"(anonymous_22)","decl":{"start":{"line":132,"column":10},"end":{"line":132,"column":11}},"loc":{"start":{"line":132,"column":20},"end":{"line":132,"column":33}},"line":132},"23":{"name":"(anonymous_23)","decl":{"start":{"line":133,"column":11},"end":{"line":133,"column":12}},"loc":{"start":{"line":133,"column":22},"end":{"line":133,"column":40}},"line":133}},"branchMap":{"0":{"loc":{"start":{"line":17,"column":28},"end":{"line":17,"column":71}},"type":"cond-expr","locations":[{"start":{"line":17,"column":59},"end":{"line":17,"column":63}},{"start":{"line":17,"column":66},"end":{"line":17,"column":71}}],"line":17},"1":{"loc":{"start":{"line":38,"column":21},"end":{"line":38,"column":42}},"type":"default-arg","locations":[{"start":{"line":38,"column":30},"end":{"line":38,"column":42}}],"line":38},"2":{"loc":{"start":{"line":43,"column":12},"end":{"line":43,"column":85}},"type":"if","locations":[{"start":{"line":43,"column":12},"end":{"line":43,"column":85}},{"start":{},"end":{}}],"line":43},"3":{"loc":{"start":{"line":43,"column":16},"end":{"line":43,"column":62}},"type":"binary-expr","locations":[{"start":{"line":43,"column":16},"end":{"line":43,"column":36}},{"start":{"line":43,"column":40},"end":{"line":43,"column":62}}],"line":43},"4":{"loc":{"start":{"line":49,"column":16},"end":{"line":51,"column":17}},"type":"if","locations":[{"start":{"line":49,"column":16},"end":{"line":51,"column":17}},{"start":{},"end":{}}],"line":49},"5":{"loc":{"start":{"line":65,"column":12},"end":{"line":69,"column":13}},"type":"if","locations":[{"start":{"line":65,"column":12},"end":{"line":69,"column":13}},{"start":{"line":67,"column":19},"end":{"line":69,"column":13}}],"line":65},"6":{"loc":{"start":{"line":81,"column":4},"end":{"line":98,"column":5}},"type":"if","locations":[{"start":{"line":81,"column":4},"end":{"line":98,"column":5}},{"start":{"line":86,"column":11},"end":{"line":98,"column":5}}],"line":81},"7":{"loc":{"start":{"line":88,"column":8},"end":{"line":97,"column":9}},"type":"if","locations":[{"start":{"line":88,"column":8},"end":{"line":97,"column":9}},{"start":{"line":93,"column":15},"end":{"line":97,"column":9}}],"line":88},"8":{"loc":{"start":{"line":108,"column":29},"end":{"line":108,"column":43}},"type":"default-arg","locations":[{"start":{"line":108,"column":34},"end":{"line":108,"column":43}}],"line":108},"9":{"loc":{"start":{"line":120,"column":17},"end":{"line":120,"column":29}},"type":"default-arg","locations":[{"start":{"line":120,"column":26},"end":{"line":120,"column":29}}],"line":120}},"s":{"0":0,"1":0,"2":0,"3":0,"4":0,"5":0,"6":0,"7":0,"8":0,"9":0,"10":0,"11":0,"12":0,"13":0,"14":0,"15":0,"16":0,"17":0,"18":0,"19":0,"20":0,"21":0,"22":0,"23":0,"24":0,"25":0,"26":0,"27":0,"28":0,"29":0,"30":0,"31":0,"32":0,"33":0,"34":0,"35":0,"36":0,"37":0,"38":0,"39":0,"40":0,"41":0,"42":0,"43":0,"44":0,"45":0,"46":0,"47":0,"48":0,"49":0,"50":0,"51":0,"52":0,"53":0,"54":0,"55":0,"56":0,"57":0,"58":0,"59":0,"60":0,"61":0,"62":0,"63":0,"64":0,"65":0,"66":0,"67":0},"f":{"0":0,"1":0,"2":0,"3":0,"4":0,"5":0,"6":0,"7":0,"8":0,"9":0,"10":0,"11":0,"12":0,"13":0,"14":0,"15":0,"16":0,"17":0,"18":0,"19":0,"20":0,"21":0,"22":0,"23":0},"b":{"0":[0,0],"1":[0],"2":[0,0],"3":[0,0],"4":[0,0],"5":[0,0],"6":[0,0],"7":[0,0],"8":[0],"9":[0]}}
,"C:\\Bot\\msgHndlr.js": {"path":"C:\\Bot\\msgHndlr.js","statementMap":{"0":{"start":{"line":1,"column":25},"end":{"line":1,"column":55}},"1":{"start":{"line":2,"column":11},"end":{"line":2,"column":30}},"2":{"start":{"line":3,"column":14},"end":{"line":3,"column":30}},"3":{"start":{"line":4,"column":15},"end":{"line":4,"column":41}},"4":{"start":{"line":5,"column":11},"end":{"line":5,"column":24}},"5":{"start":{"line":6,"column":23},"end":{"line":6,"column":51}},"6":{"start":{"line":7,"column":21},"end":{"line":7,"column":47}},"7":{"start":{"line":8,"column":12},"end":{"line":8,"column":26}},"8":{"start":{"line":9,"column":14},"end":{"line":9,"column":40}},"9":{"start":{"line":10,"column":14},"end":{"line":10,"column":36}},"10":{"start":{"line":11,"column":14},"end":{"line":11,"column":35}},"11":{"start":{"line":12,"column":24},"end":{"line":12,"column":48}},"12":{"start":{"line":13,"column":16},"end":{"line":13,"column":37}},"13":{"start":{"line":14,"column":16},"end":{"line":14,"column":38}},"14":{"start":{"line":15,"column":15},"end":{"line":15,"column":35}},"15":{"start":{"line":16,"column":15},"end":{"line":16,"column":40}},"16":{"start":{"line":17,"column":28},"end":{"line":17,"column":48}},"17":{"start":{"line":18,"column":19},"end":{"line":18,"column":40}},"18":{"start":{"line":19,"column":22},"end":{"line":19,"column":44}},"19":{"start":{"line":20,"column":18},"end":{"line":20,"column":37}},"20":{"start":{"line":21,"column":115},"end":{"line":21,"column":141}},"21":{"start":{"line":22,"column":131},"end":{"line":22,"column":152}},"22":{"start":{"line":23,"column":19},"end":{"line":23,"column":37}},"23":{"start":{"line":24,"column":57},"end":{"line":24,"column":81}},"24":{"start":{"line":25,"column":16},"end":{"line":25,"column":48}},"25":{"start":{"line":26,"column":14},"end":{"line":26,"column":65}},"26":{"start":{"line":27,"column":15},"end":{"line":27,"column":69}},"27":{"start":{"line":28,"column":13},"end":{"line":28,"column":65}},"28":{"start":{"line":29,"column":16},"end":{"line":29,"column":69}},"29":{"start":{"line":30,"column":14},"end":{"line":30,"column":61}},"30":{"start":{"line":31,"column":17},"end":{"line":31,"column":67}},"31":{"start":{"line":32,"column":13},"end":{"line":32,"column":64}},"32":{"start":{"line":33,"column":15},"end":{"line":33,"column":63}},"33":{"start":{"line":34,"column":14},"end":{"line":34,"column":61}},"34":{"start":{"line":35,"column":22},"end":{"line":35,"column":76}},"35":{"start":{"line":36,"column":15},"end":{"line":36,"column":70}},"36":{"start":{"line":37,"column":18},"end":{"line":37,"column":76}},"37":{"start":{"line":38,"column":12},"end":{"line":38,"column":57}},"38":{"start":{"line":39,"column":15},"end":{"line":39,"column":63}},"39":{"start":{"line":40,"column":21},"end":{"line":40,"column":42}},"40":{"start":{"line":41,"column":13},"end":{"line":41,"column":28}},"41":{"start":{"line":42,"column":14},"end":{"line":42,"column":32}},"42":{"start":{"line":43,"column":16},"end":{"line":43,"column":40}},"43":{"start":{"line":44,"column":14},"end":{"line":44,"column":36}},"44":{"start":{"line":45,"column":15},"end":{"line":45,"column":38}},"45":{"start":{"line":46,"column":18},"end":{"line":46,"column":44}},"46":{"start":{"line":47,"column":13},"end":{"line":47,"column":18}},"47":{"start":{"line":59,"column":4},"end":{"line":59,"column":26}},"48":{"start":{"line":68,"column":8},"end":{"line":68,"column":15}},"49":{"start":{"line":70,"column":12},"end":{"line":82,"column":1}},"50":{"start":{"line":72,"column":8},"end":{"line":80,"column":9}},"51":{"start":{"line":73,"column":12},"end":{"line":73,"column":29}},"52":{"start":{"line":74,"column":14},"end":{"line":80,"column":9}},"53":{"start":{"line":75,"column":12},"end":{"line":75,"column":29}},"54":{"start":{"line":76,"column":14},"end":{"line":80,"column":9}},"55":{"start":{"line":77,"column":12},"end":{"line":77,"column":26}},"56":{"start":{"line":79,"column":12},"end":{"line":79,"column":26}},"57":{"start":{"line":84,"column":0},"end":{"line":84,"column":49}},"58":{"start":{"line":85,"column":0},"end":{"line":4440,"column":1}},"59":{"start":{"line":86,"column":4},"end":{"line":4439,"column":5}},"60":{"start":{"line":87,"column":151},"end":{"line":87,"column":158}},"61":{"start":{"line":88,"column":23},"end":{"line":88,"column":30}},"62":{"start":{"line":89,"column":41},"end":{"line":89,"column":45}},"63":{"start":{"line":90,"column":41},"end":{"line":90,"column":47}},"64":{"start":{"line":91,"column":8},"end":{"line":91,"column":43}},"65":{"start":{"line":92,"column":25},"end":{"line":92,"column":46}},"66":{"start":{"line":93,"column":24},"end":{"line":93,"column":66}},"67":{"start":{"line":94,"column":22},"end":{"line":94,"column":41}},"68":{"start":{"line":95,"column":22},"end":{"line":95,"column":48}},"69":{"start":{"line":96,"column":22},"end":{"line":96,"column":102}},"70":{"start":{"line":97,"column":32},"end":{"line":103,"column":9}},"71":{"start":{"line":98,"column":12},"end":{"line":102,"column":13}},"72":{"start":{"line":99,"column":16},"end":{"line":99,"column":28}},"73":{"start":{"line":101,"column":16},"end":{"line":101,"column":27}},"74":{"start":{"line":105,"column":27},"end":{"line":109,"column":9}},"75":{"start":{"line":106,"column":24},"end":{"line":106,"column":79}},"76":{"start":{"line":107,"column":12},"end":{"line":107,"column":25}},"77":{"start":{"line":108,"column":12},"end":{"line":108,"column":67}},"78":{"start":{"line":111,"column":29},"end":{"line":119,"column":9}},"79":{"start":{"line":112,"column":25},"end":{"line":112,"column":30}},"80":{"start":{"line":113,"column":12},"end":{"line":117,"column":14}},"81":{"start":{"line":114,"column":16},"end":{"line":116,"column":17}},"82":{"start":{"line":115,"column":20},"end":{"line":115,"column":33}},"83":{"start":{"line":118,"column":12},"end":{"line":118,"column":25}},"84":{"start":{"line":121,"column":29},"end":{"line":131,"column":9}},"85":{"start":{"line":122,"column":27},"end":{"line":122,"column":32}},"86":{"start":{"line":123,"column":12},"end":{"line":127,"column":14}},"87":{"start":{"line":124,"column":16},"end":{"line":126,"column":17}},"88":{"start":{"line":125,"column":20},"end":{"line":125,"column":32}},"89":{"start":{"line":128,"column":12},"end":{"line":130,"column":13}},"90":{"start":{"line":129,"column":16},"end":{"line":129,"column":43}},"91":{"start":{"line":133,"column":27},"end":{"line":143,"column":9}},"92":{"start":{"line":134,"column":27},"end":{"line":134,"column":32}},"93":{"start":{"line":135,"column":12},"end":{"line":139,"column":14}},"94":{"start":{"line":136,"column":16},"end":{"line":138,"column":17}},"95":{"start":{"line":137,"column":20},"end":{"line":137,"column":32}},"96":{"start":{"line":140,"column":12},"end":{"line":142,"column":13}},"97":{"start":{"line":141,"column":16},"end":{"line":141,"column":41}},"98":{"start":{"line":145,"column":25},"end":{"line":155,"column":9}},"99":{"start":{"line":146,"column":27},"end":{"line":146,"column":32}},"100":{"start":{"line":147,"column":12},"end":{"line":151,"column":14}},"101":{"start":{"line":148,"column":16},"end":{"line":150,"column":17}},"102":{"start":{"line":149,"column":20},"end":{"line":149,"column":32}},"103":{"start":{"line":152,"column":12},"end":{"line":154,"column":13}},"104":{"start":{"line":153,"column":16},"end":{"line":153,"column":39}},"105":{"start":{"line":157,"column":31},"end":{"line":165,"column":9}},"106":{"start":{"line":158,"column":27},"end":{"line":158,"column":32}},"107":{"start":{"line":159,"column":12},"end":{"line":163,"column":14}},"108":{"start":{"line":160,"column":16},"end":{"line":162,"column":17}},"109":{"start":{"line":161,"column":20},"end":{"line":161,"column":32}},"110":{"start":{"line":164,"column":12},"end":{"line":164,"column":27}},"111":{"start":{"line":168,"column":12},"end":{"line":168,"column":40}},"112":{"start":{"line":169,"column":12},"end":{"line":169,"column":29}},"113":{"start":{"line":170,"column":12},"end":{"line":170,"column":69}},"114":{"start":{"line":171,"column":12},"end":{"line":171,"column":43}},"115":{"start":{"line":172,"column":12},"end":{"line":172,"column":84}},"116":{"start":{"line":178,"column":12},"end":{"line":182,"column":13}},"117":{"start":{"line":179,"column":12},"end":{"line":179,"column":24}},"118":{"start":{"line":181,"column":12},"end":{"line":181,"column":23}},"119":{"start":{"line":186,"column":8},"end":{"line":200,"column":9}},"120":{"start":{"line":187,"column":12},"end":{"line":194,"column":13}},"121":{"start":{"line":188,"column":16},"end":{"line":193,"column":17}},"122":{"start":{"line":189,"column":34},"end":{"line":189,"column":48}},"123":{"start":{"line":190,"column":38},"end":{"line":190,"column":57}},"124":{"start":{"line":191,"column":36},"end":{"line":191,"column":53}},"125":{"start":{"line":192,"column":20},"end":{"line":192,"column":86}},"126":{"start":{"line":195,"column":12},"end":{"line":199,"column":13}},"127":{"start":{"line":196,"column":16},"end":{"line":196,"column":56}},"128":{"start":{"line":197,"column":16},"end":{"line":197,"column":71}},"129":{"start":{"line":198,"column":16},"end":{"line":198,"column":66}},"130":{"start":{"line":207,"column":8},"end":{"line":215,"column":9}},"131":{"start":{"line":208,"column":12},"end":{"line":214,"column":13}},"132":{"start":{"line":209,"column":16},"end":{"line":209,"column":72}},"133":{"start":{"line":210,"column":28},"end":{"line":210,"column":68}},"134":{"start":{"line":210,"column":79},"end":{"line":210,"column":99}},"135":{"start":{"line":210,"column":108},"end":{"line":210,"column":135}},"136":{"start":{"line":211,"column":16},"end":{"line":211,"column":60}},"137":{"start":{"line":212,"column":16},"end":{"line":212,"column":59}},"138":{"start":{"line":213,"column":16},"end":{"line":213,"column":30}},"139":{"start":{"line":218,"column":12},"end":{"line":218,"column":41}},"140":{"start":{"line":218,"column":27},"end":{"line":218,"column":40}},"141":{"start":{"line":219,"column":24},"end":{"line":219,"column":29}},"142":{"start":{"line":220,"column":27},"end":{"line":220,"column":77}},"143":{"start":{"line":221,"column":12},"end":{"line":240,"column":13}},"144":{"start":{"line":222,"column":16},"end":{"line":239,"column":17}},"145":{"start":{"line":223,"column":20},"end":{"line":238,"column":21}},"146":{"start":{"line":224,"column":24},"end":{"line":224,"column":38}},"147":{"start":{"line":225,"column":24},"end":{"line":225,"column":38}},"148":{"start":{"line":226,"column":24},"end":{"line":226,"column":129}},"149":{"start":{"line":227,"column":24},"end":{"line":227,"column":47}},"150":{"start":{"line":228,"column":24},"end":{"line":228,"column":39}},"151":{"start":{"line":229,"column":24},"end":{"line":229,"column":85}},"152":{"start":{"line":230,"column":24},"end":{"line":230,"column":36}},"153":{"start":{"line":231,"column":26},"end":{"line":238,"column":21}},"154":{"start":{"line":232,"column":24},"end":{"line":232,"column":38}},"155":{"start":{"line":233,"column":24},"end":{"line":233,"column":150}},"156":{"start":{"line":234,"column":24},"end":{"line":234,"column":35}},"157":{"start":{"line":236,"column":24},"end":{"line":236,"column":38}},"158":{"start":{"line":237,"column":24},"end":{"line":237,"column":37}},"159":{"start":{"line":241,"column":12},"end":{"line":246,"column":13}},"160":{"start":{"line":242,"column":26},"end":{"line":242,"column":46}},"161":{"start":{"line":243,"column":16},"end":{"line":243,"column":33}},"162":{"start":{"line":244,"column":16},"end":{"line":244,"column":79}},"163":{"start":{"line":245,"column":16},"end":{"line":245,"column":29}},"164":{"start":{"line":250,"column":12},"end":{"line":250,"column":35}},"165":{"start":{"line":250,"column":27},"end":{"line":250,"column":34}},"166":{"start":{"line":251,"column":24},"end":{"line":251,"column":29}},"167":{"start":{"line":252,"column":27},"end":{"line":252,"column":77}},"168":{"start":{"line":253,"column":12},"end":{"line":258,"column":14}},"169":{"start":{"line":254,"column":16},"end":{"line":257,"column":17}},"170":{"start":{"line":255,"column":20},"end":{"line":255,"column":29}},"171":{"start":{"line":256,"column":20},"end":{"line":256,"column":42}},"172":{"start":{"line":259,"column":12},"end":{"line":263,"column":13}},"173":{"start":{"line":260,"column":16},"end":{"line":260,"column":39}},"174":{"start":{"line":261,"column":16},"end":{"line":261,"column":79}},"175":{"start":{"line":262,"column":16},"end":{"line":262,"column":38}},"176":{"start":{"line":267,"column":12},"end":{"line":267,"column":41}},"177":{"start":{"line":267,"column":27},"end":{"line":267,"column":40}},"178":{"start":{"line":268,"column":24},"end":{"line":268,"column":29}},"179":{"start":{"line":269,"column":12},"end":{"line":282,"column":13}},"180":{"start":{"line":270,"column":16},"end":{"line":281,"column":21}},"181":{"start":{"line":271,"column":33},"end":{"line":271,"column":40}},"182":{"start":{"line":272,"column":20},"end":{"line":280,"column":21}},"183":{"start":{"line":273,"column":24},"end":{"line":273,"column":37}},"184":{"start":{"line":274,"column":24},"end":{"line":274,"column":61}},"185":{"start":{"line":275,"column":24},"end":{"line":275,"column":36}},"186":{"start":{"line":277,"column":24},"end":{"line":277,"column":29}},"187":{"start":{"line":278,"column":24},"end":{"line":278,"column":37}},"188":{"start":{"line":279,"column":24},"end":{"line":279,"column":37}},"189":{"start":{"line":283,"column":12},"end":{"line":288,"column":13}},"190":{"start":{"line":284,"column":26},"end":{"line":284,"column":48}},"191":{"start":{"line":285,"column":16},"end":{"line":285,"column":32}},"192":{"start":{"line":286,"column":16},"end":{"line":286,"column":75}},"193":{"start":{"line":287,"column":16},"end":{"line":287,"column":29}},"194":{"start":{"line":292,"column":12},"end":{"line":292,"column":35}},"195":{"start":{"line":292,"column":27},"end":{"line":292,"column":34}},"196":{"start":{"line":293,"column":24},"end":{"line":293,"column":29}},"197":{"start":{"line":294,"column":28},"end":{"line":294,"column":75}},"198":{"start":{"line":295,"column":12},"end":{"line":300,"column":14}},"199":{"start":{"line":296,"column":16},"end":{"line":299,"column":17}},"200":{"start":{"line":297,"column":20},"end":{"line":297,"column":29}},"201":{"start":{"line":298,"column":20},"end":{"line":298,"column":43}},"202":{"start":{"line":301,"column":12},"end":{"line":305,"column":13}},"203":{"start":{"line":302,"column":16},"end":{"line":302,"column":42}},"204":{"start":{"line":303,"column":16},"end":{"line":303,"column":43}},"205":{"start":{"line":304,"column":16},"end":{"line":304,"column":77}},"206":{"start":{"line":308,"column":21},"end":{"line":316,"column":9}},"207":{"start":{"line":309,"column":12},"end":{"line":315,"column":13}},"208":{"start":{"line":310,"column":16},"end":{"line":314,"column":17}},"209":{"start":{"line":311,"column":20},"end":{"line":311,"column":53}},"210":{"start":{"line":313,"column":20},"end":{"line":313,"column":39}},"211":{"start":{"line":318,"column":24},"end":{"line":318,"column":81}},"212":{"start":{"line":318,"column":36},"end":{"line":318,"column":81}},"213":{"start":{"line":319,"column":28},"end":{"line":326,"column":9}},"214":{"start":{"line":320,"column":12},"end":{"line":325,"column":13}},"215":{"start":{"line":321,"column":16},"end":{"line":321,"column":55}},"216":{"start":{"line":321,"column":43},"end":{"line":321,"column":55}},"217":{"start":{"line":322,"column":16},"end":{"line":322,"column":27}},"218":{"start":{"line":324,"column":16},"end":{"line":324,"column":28}},"219":{"start":{"line":328,"column":23},"end":{"line":332,"column":13}},"220":{"start":{"line":334,"column":24},"end":{"line":338,"column":13}},"221":{"start":{"line":340,"column":25},"end":{"line":344,"column":13}},"222":{"start":{"line":346,"column":21},"end":{"line":357,"column":13}},"223":{"start":{"line":359,"column":21},"end":{"line":374,"column":9}},"224":{"start":{"line":378,"column":31},"end":{"line":378,"column":56}},"225":{"start":{"line":379,"column":34},"end":{"line":379,"column":62}},"226":{"start":{"line":381,"column":26},"end":{"line":381,"column":46}},"227":{"start":{"line":382,"column":21},"end":{"line":382,"column":62}},"228":{"start":{"line":383,"column":26},"end":{"line":383,"column":54}},"229":{"start":{"line":384,"column":28},"end":{"line":384,"column":56}},"230":{"start":{"line":385,"column":24},"end":{"line":385,"column":47}},"231":{"start":{"line":386,"column":23},"end":{"line":386,"column":32}},"232":{"start":{"line":387,"column":25},"end":{"line":387,"column":31}},"233":{"start":{"line":388,"column":24},"end":{"line":388,"column":63}},"234":{"start":{"line":389,"column":28},"end":{"line":389,"column":82}},"235":{"start":{"line":390,"column":30},"end":{"line":390,"column":82}},"236":{"start":{"line":391,"column":33},"end":{"line":391,"column":95}},"237":{"start":{"line":393,"column":25},"end":{"line":393,"column":51}},"238":{"start":{"line":394,"column":28},"end":{"line":394,"column":50}},"239":{"start":{"line":395,"column":24},"end":{"line":395,"column":55}},"240":{"start":{"line":396,"column":28},"end":{"line":396,"column":48}},"241":{"start":{"line":397,"column":24},"end":{"line":397,"column":55}},"242":{"start":{"line":398,"column":23},"end":{"line":398,"column":56}},"243":{"start":{"line":399,"column":25},"end":{"line":399,"column":51}},"244":{"start":{"line":400,"column":26},"end":{"line":400,"column":57}},"245":{"start":{"line":401,"column":23},"end":{"line":401,"column":67}},"246":{"start":{"line":403,"column":27},"end":{"line":403,"column":168}},"247":{"start":{"line":404,"column":22},"end":{"line":404,"column":136}},"248":{"start":{"line":405,"column":20},"end":{"line":405,"column":52}},"249":{"start":{"line":406,"column":30},"end":{"line":406,"column":69}},"250":{"start":{"line":409,"column":26},"end":{"line":409,"column":46}},"251":{"start":{"line":412,"column":25},"end":{"line":412,"column":200}},"252":{"start":{"line":413,"column":26},"end":{"line":413,"column":201}},"253":{"start":{"line":416,"column":16},"end":{"line":437,"column":17}},"254":{"start":{"line":417,"column":20},"end":{"line":436,"column":21}},"255":{"start":{"line":418,"column":24},"end":{"line":418,"column":134}},"256":{"start":{"line":418,"column":44},"end":{"line":418,"column":134}},"257":{"start":{"line":419,"column":24},"end":{"line":423,"column":25}},"258":{"start":{"line":420,"column":28},"end":{"line":420,"column":34}},"259":{"start":{"line":422,"column":28},"end":{"line":422,"column":47}},"260":{"start":{"line":424,"column":24},"end":{"line":424,"column":42}},"261":{"start":{"line":425,"column":24},"end":{"line":425,"column":92}},"262":{"start":{"line":426,"column":24},"end":{"line":426,"column":104}},"263":{"start":{"line":428,"column":24},"end":{"line":432,"column":25}},"264":{"start":{"line":429,"column":28},"end":{"line":429,"column":34}},"265":{"start":{"line":431,"column":28},"end":{"line":431,"column":47}},"266":{"start":{"line":433,"column":24},"end":{"line":433,"column":42}},"267":{"start":{"line":434,"column":24},"end":{"line":434,"column":92}},"268":{"start":{"line":435,"column":24},"end":{"line":435,"column":104}},"269":{"start":{"line":439,"column":16},"end":{"line":462,"column":17}},"270":{"start":{"line":440,"column":20},"end":{"line":461,"column":21}},"271":{"start":{"line":441,"column":24},"end":{"line":441,"column":134}},"272":{"start":{"line":441,"column":44},"end":{"line":441,"column":134}},"273":{"start":{"line":442,"column":24},"end":{"line":446,"column":25}},"274":{"start":{"line":443,"column":28},"end":{"line":443,"column":34}},"275":{"start":{"line":445,"column":28},"end":{"line":445,"column":47}},"276":{"start":{"line":447,"column":36},"end":{"line":447,"column":57}},"277":{"start":{"line":448,"column":24},"end":{"line":448,"column":45}},"278":{"start":{"line":449,"column":24},"end":{"line":449,"column":92}},"279":{"start":{"line":450,"column":24},"end":{"line":450,"column":70}},"280":{"start":{"line":452,"column":24},"end":{"line":456,"column":25}},"281":{"start":{"line":453,"column":28},"end":{"line":453,"column":34}},"282":{"start":{"line":455,"column":28},"end":{"line":455,"column":47}},"283":{"start":{"line":457,"column":36},"end":{"line":457,"column":57}},"284":{"start":{"line":458,"column":24},"end":{"line":458,"column":45}},"285":{"start":{"line":459,"column":24},"end":{"line":459,"column":92}},"286":{"start":{"line":460,"column":24},"end":{"line":460,"column":70}},"287":{"start":{"line":463,"column":16},"end":{"line":488,"column":17}},"288":{"start":{"line":464,"column":20},"end":{"line":487,"column":21}},"289":{"start":{"line":465,"column":24},"end":{"line":465,"column":126}},"290":{"start":{"line":465,"column":38},"end":{"line":465,"column":126}},"291":{"start":{"line":466,"column":24},"end":{"line":470,"column":25}},"292":{"start":{"line":467,"column":28},"end":{"line":467,"column":34}},"293":{"start":{"line":469,"column":28},"end":{"line":469,"column":47}},"294":{"start":{"line":471,"column":24},"end":{"line":471,"column":60}},"295":{"start":{"line":471,"column":54},"end":{"line":471,"column":60}},"296":{"start":{"line":472,"column":24},"end":{"line":472,"column":47}},"297":{"start":{"line":473,"column":24},"end":{"line":473,"column":39}},"298":{"start":{"line":474,"column":24},"end":{"line":474,"column":96}},"299":{"start":{"line":475,"column":23},"end":{"line":475,"column":76}},"300":{"start":{"line":477,"column":24},"end":{"line":481,"column":25}},"301":{"start":{"line":478,"column":28},"end":{"line":478,"column":34}},"302":{"start":{"line":480,"column":28},"end":{"line":480,"column":47}},"303":{"start":{"line":482,"column":24},"end":{"line":482,"column":61}},"304":{"start":{"line":482,"column":55},"end":{"line":482,"column":61}},"305":{"start":{"line":483,"column":24},"end":{"line":483,"column":47}},"306":{"start":{"line":484,"column":24},"end":{"line":484,"column":39}},"307":{"start":{"line":485,"column":24},"end":{"line":485,"column":96}},"308":{"start":{"line":486,"column":24},"end":{"line":486,"column":79}},"309":{"start":{"line":489,"column":16},"end":{"line":512,"column":17}},"310":{"start":{"line":490,"column":20},"end":{"line":511,"column":21}},"311":{"start":{"line":491,"column":24},"end":{"line":491,"column":127}},"312":{"start":{"line":491,"column":38},"end":{"line":491,"column":127}},"313":{"start":{"line":492,"column":24},"end":{"line":496,"column":25}},"314":{"start":{"line":493,"column":28},"end":{"line":493,"column":34}},"315":{"start":{"line":495,"column":28},"end":{"line":495,"column":47}},"316":{"start":{"line":497,"column":24},"end":{"line":497,"column":48}},"317":{"start":{"line":498,"column":24},"end":{"line":498,"column":40}},"318":{"start":{"line":499,"column":24},"end":{"line":499,"column":96}},"319":{"start":{"line":500,"column":24},"end":{"line":500,"column":79}},"320":{"start":{"line":502,"column":24},"end":{"line":506,"column":25}},"321":{"start":{"line":503,"column":28},"end":{"line":503,"column":34}},"322":{"start":{"line":505,"column":28},"end":{"line":505,"column":47}},"323":{"start":{"line":507,"column":24},"end":{"line":507,"column":48}},"324":{"start":{"line":508,"column":24},"end":{"line":508,"column":40}},"325":{"start":{"line":509,"column":24},"end":{"line":509,"column":96}},"326":{"start":{"line":510,"column":24},"end":{"line":510,"column":79}},"327":{"start":{"line":513,"column":16},"end":{"line":534,"column":17}},"328":{"start":{"line":514,"column":20},"end":{"line":533,"column":21}},"329":{"start":{"line":515,"column":24},"end":{"line":515,"column":127}},"330":{"start":{"line":515,"column":38},"end":{"line":515,"column":127}},"331":{"start":{"line":516,"column":24},"end":{"line":520,"column":25}},"332":{"start":{"line":517,"column":28},"end":{"line":517,"column":34}},"333":{"start":{"line":519,"column":28},"end":{"line":519,"column":47}},"334":{"start":{"line":521,"column":24},"end":{"line":521,"column":42}},"335":{"start":{"line":522,"column":24},"end":{"line":522,"column":92}},"336":{"start":{"line":523,"column":24},"end":{"line":523,"column":104}},"337":{"start":{"line":525,"column":24},"end":{"line":529,"column":25}},"338":{"start":{"line":526,"column":28},"end":{"line":526,"column":34}},"339":{"start":{"line":528,"column":28},"end":{"line":528,"column":47}},"340":{"start":{"line":530,"column":24},"end":{"line":530,"column":42}},"341":{"start":{"line":531,"column":24},"end":{"line":531,"column":92}},"342":{"start":{"line":532,"column":24},"end":{"line":532,"column":104}},"343":{"start":{"line":535,"column":16},"end":{"line":558,"column":17}},"344":{"start":{"line":536,"column":20},"end":{"line":557,"column":21}},"345":{"start":{"line":537,"column":24},"end":{"line":537,"column":127}},"346":{"start":{"line":537,"column":38},"end":{"line":537,"column":127}},"347":{"start":{"line":538,"column":24},"end":{"line":542,"column":25}},"348":{"start":{"line":539,"column":28},"end":{"line":539,"column":34}},"349":{"start":{"line":541,"column":28},"end":{"line":541,"column":47}},"350":{"start":{"line":543,"column":36},"end":{"line":543,"column":57}},"351":{"start":{"line":544,"column":24},"end":{"line":544,"column":45}},"352":{"start":{"line":545,"column":24},"end":{"line":545,"column":92}},"353":{"start":{"line":546,"column":24},"end":{"line":546,"column":70}},"354":{"start":{"line":548,"column":24},"end":{"line":552,"column":25}},"355":{"start":{"line":549,"column":28},"end":{"line":549,"column":34}},"356":{"start":{"line":551,"column":28},"end":{"line":551,"column":47}},"357":{"start":{"line":553,"column":36},"end":{"line":553,"column":57}},"358":{"start":{"line":554,"column":24},"end":{"line":554,"column":45}},"359":{"start":{"line":555,"column":24},"end":{"line":555,"column":92}},"360":{"start":{"line":556,"column":24},"end":{"line":556,"column":70}},"361":{"start":{"line":561,"column":16},"end":{"line":572,"column":17}},"362":{"start":{"line":562,"column":20},"end":{"line":571,"column":21}},"363":{"start":{"line":563,"column":38},"end":{"line":563,"column":68}},"364":{"start":{"line":564,"column":24},"end":{"line":570,"column":25}},"365":{"start":{"line":565,"column":28},"end":{"line":565,"column":34}},"366":{"start":{"line":567,"column":28},"end":{"line":569,"column":30}},"367":{"start":{"line":568,"column":32},"end":{"line":568,"column":76}},"368":{"start":{"line":574,"column":16},"end":{"line":586,"column":17}},"369":{"start":{"line":575,"column":20},"end":{"line":585,"column":21}},"370":{"start":{"line":576,"column":24},"end":{"line":584,"column":25}},"371":{"start":{"line":577,"column":28},"end":{"line":581,"column":140}},"372":{"start":{"line":578,"column":40},"end":{"line":578,"column":84}},"373":{"start":{"line":580,"column":32},"end":{"line":580,"column":140}},"374":{"start":{"line":581,"column":43},"end":{"line":581,"column":139}},"375":{"start":{"line":583,"column":28},"end":{"line":583,"column":86}},"376":{"start":{"line":589,"column":8},"end":{"line":589,"column":190}},"377":{"start":{"line":589,"column":35},"end":{"line":589,"column":189}},"378":{"start":{"line":590,"column":8},"end":{"line":590,"column":226}},"379":{"start":{"line":590,"column":34},"end":{"line":590,"column":225}},"380":{"start":{"line":592,"column":8},"end":{"line":592,"column":28}},"381":{"start":{"line":592,"column":22},"end":{"line":592,"column":28}},"382":{"start":{"line":593,"column":8},"end":{"line":593,"column":28}},"383":{"start":{"line":593,"column":22},"end":{"line":593,"column":28}},"384":{"start":{"line":594,"column":8},"end":{"line":594,"column":30}},"385":{"start":{"line":594,"column":24},"end":{"line":594,"column":30}},"386":{"start":{"line":595,"column":8},"end":{"line":595,"column":36}},"387":{"start":{"line":595,"column":30},"end":{"line":595,"column":36}},"388":{"start":{"line":596,"column":8},"end":{"line":596,"column":29}},"389":{"start":{"line":596,"column":23},"end":{"line":596,"column":29}},"390":{"start":{"line":597,"column":8},"end":{"line":4435,"column":9}},"391":{"start":{"line":601,"column":12},"end":{"line":601,"column":43}},"392":{"start":{"line":602,"column":12},"end":{"line":602,"column":39}},"393":{"start":{"line":603,"column":12},"end":{"line":603,"column":17}},"394":{"start":{"line":606,"column":12},"end":{"line":606,"column":40}},"395":{"start":{"line":607,"column":12},"end":{"line":607,"column":17}},"396":{"start":{"line":609,"column":12},"end":{"line":609,"column":43}},"397":{"start":{"line":610,"column":12},"end":{"line":610,"column":39}},"398":{"start":{"line":611,"column":12},"end":{"line":611,"column":17}},"399":{"start":{"line":614,"column":24},"end":{"line":614,"column":29}},"400":{"start":{"line":615,"column":28},"end":{"line":615,"column":75}},"401":{"start":{"line":616,"column":12},"end":{"line":623,"column":13}},"402":{"start":{"line":617,"column":16},"end":{"line":622,"column":17}},"403":{"start":{"line":618,"column":38},"end":{"line":618,"column":58}},"404":{"start":{"line":619,"column":20},"end":{"line":619,"column":153}},"405":{"start":{"line":619,"column":41},"end":{"line":619,"column":153}},"406":{"start":{"line":620,"column":20},"end":{"line":620,"column":145}},"407":{"start":{"line":621,"column":20},"end":{"line":621,"column":32}},"408":{"start":{"line":624,"column":12},"end":{"line":624,"column":30}},"409":{"start":{"line":625,"column":12},"end":{"line":625,"column":32}},"410":{"start":{"line":626,"column":12},"end":{"line":631,"column":13}},"411":{"start":{"line":627,"column":26},"end":{"line":627,"column":52}},"412":{"start":{"line":628,"column":16},"end":{"line":628,"column":32}},"413":{"start":{"line":629,"column":16},"end":{"line":629,"column":78}},"414":{"start":{"line":630,"column":16},"end":{"line":630,"column":140}},"415":{"start":{"line":632,"column":12},"end":{"line":632,"column":17}},"416":{"start":{"line":637,"column":12},"end":{"line":637,"column":101}},"417":{"start":{"line":637,"column":26},"end":{"line":637,"column":101}},"418":{"start":{"line":638,"column":12},"end":{"line":638,"column":61}},"419":{"start":{"line":639,"column":12},"end":{"line":639,"column":39}},"420":{"start":{"line":640,"column":12},"end":{"line":640,"column":39}},"421":{"start":{"line":641,"column":12},"end":{"line":641,"column":85}},"422":{"start":{"line":642,"column":12},"end":{"line":642,"column":72}},"423":{"start":{"line":644,"column":12},"end":{"line":644,"column":78}},"424":{"start":{"line":646,"column":12},"end":{"line":646,"column":94}},"425":{"start":{"line":646,"column":41},"end":{"line":646,"column":93}},"426":{"start":{"line":648,"column":12},"end":{"line":648,"column":39}},"427":{"start":{"line":649,"column":12},"end":{"line":649,"column":17}},"428":{"start":{"line":652,"column":8},"end":{"line":653,"column":137}},"429":{"start":{"line":653,"column":20},"end":{"line":653,"column":136}},"430":{"start":{"line":654,"column":8},"end":{"line":654,"column":13}},"431":{"start":{"line":656,"column":12},"end":{"line":656,"column":102}},"432":{"start":{"line":656,"column":26},"end":{"line":656,"column":102}},"433":{"start":{"line":657,"column":16},"end":{"line":661,"column":13}},"434":{"start":{"line":657,"column":29},"end":{"line":657,"column":30}},"435":{"start":{"line":658,"column":16},"end":{"line":658,"column":55}},"436":{"start":{"line":659,"column":16},"end":{"line":659,"column":90}},"437":{"start":{"line":660,"column":16},"end":{"line":660,"column":63}},"438":{"start":{"line":662,"column":12},"end":{"line":662,"column":17}},"439":{"start":{"line":665,"column":12},"end":{"line":665,"column":285}},"440":{"start":{"line":665,"column":27},"end":{"line":665,"column":285}},"441":{"start":{"line":666,"column":12},"end":{"line":666,"column":109}},"442":{"start":{"line":666,"column":29},"end":{"line":666,"column":109}},"443":{"start":{"line":667,"column":12},"end":{"line":667,"column":117}},"444":{"start":{"line":667,"column":32},"end":{"line":667,"column":117}},"445":{"start":{"line":668,"column":12},"end":{"line":668,"column":126}},"446":{"start":{"line":668,"column":35},"end":{"line":668,"column":126}},"447":{"start":{"line":669,"column":12},"end":{"line":690,"column":13}},"448":{"start":{"line":670,"column":26},"end":{"line":670,"column":51}},"449":{"start":{"line":671,"column":16},"end":{"line":677,"column":17}},"450":{"start":{"line":672,"column":20},"end":{"line":672,"column":162}},"451":{"start":{"line":674,"column":20},"end":{"line":674,"column":41}},"452":{"start":{"line":675,"column":20},"end":{"line":675,"column":90}},"453":{"start":{"line":676,"column":20},"end":{"line":676,"column":155}},"454":{"start":{"line":678,"column":19},"end":{"line":690,"column":13}},"455":{"start":{"line":679,"column":26},"end":{"line":679,"column":51}},"456":{"start":{"line":680,"column":16},"end":{"line":687,"column":17}},"457":{"start":{"line":681,"column":20},"end":{"line":681,"column":162}},"458":{"start":{"line":683,"column":31},"end":{"line":683,"column":55}},"459":{"start":{"line":684,"column":20},"end":{"line":684,"column":44}},"460":{"start":{"line":685,"column":20},"end":{"line":685,"column":90}},"461":{"start":{"line":686,"column":20},"end":{"line":686,"column":155}},"462":{"start":{"line":689,"column":16},"end":{"line":689,"column":73}},"463":{"start":{"line":691,"column":12},"end":{"line":691,"column":17}},"464":{"start":{"line":694,"column":12},"end":{"line":694,"column":285}},"465":{"start":{"line":694,"column":27},"end":{"line":694,"column":285}},"466":{"start":{"line":695,"column":12},"end":{"line":695,"column":109}},"467":{"start":{"line":695,"column":29},"end":{"line":695,"column":109}},"468":{"start":{"line":696,"column":12},"end":{"line":696,"column":117}},"469":{"start":{"line":696,"column":32},"end":{"line":696,"column":117}},"470":{"start":{"line":697,"column":12},"end":{"line":697,"column":126}},"471":{"start":{"line":697,"column":35},"end":{"line":697,"column":126}},"472":{"start":{"line":698,"column":12},"end":{"line":719,"column":13}},"473":{"start":{"line":699,"column":26},"end":{"line":699,"column":54}},"474":{"start":{"line":700,"column":16},"end":{"line":706,"column":17}},"475":{"start":{"line":701,"column":20},"end":{"line":701,"column":175}},"476":{"start":{"line":703,"column":20},"end":{"line":703,"column":44}},"477":{"start":{"line":704,"column":20},"end":{"line":704,"column":96}},"478":{"start":{"line":705,"column":20},"end":{"line":705,"column":168}},"479":{"start":{"line":707,"column":19},"end":{"line":719,"column":13}},"480":{"start":{"line":708,"column":26},"end":{"line":708,"column":54}},"481":{"start":{"line":709,"column":16},"end":{"line":716,"column":17}},"482":{"start":{"line":710,"column":20},"end":{"line":710,"column":175}},"483":{"start":{"line":712,"column":31},"end":{"line":712,"column":58}},"484":{"start":{"line":713,"column":20},"end":{"line":713,"column":47}},"485":{"start":{"line":714,"column":20},"end":{"line":714,"column":96}},"486":{"start":{"line":715,"column":20},"end":{"line":715,"column":168}},"487":{"start":{"line":718,"column":16},"end":{"line":718,"column":69}},"488":{"start":{"line":720,"column":12},"end":{"line":720,"column":17}},"489":{"start":{"line":723,"column":12},"end":{"line":723,"column":285}},"490":{"start":{"line":723,"column":27},"end":{"line":723,"column":285}},"491":{"start":{"line":724,"column":12},"end":{"line":724,"column":119}},"492":{"start":{"line":724,"column":26},"end":{"line":724,"column":119}},"493":{"start":{"line":725,"column":32},"end":{"line":725,"column":45}},"494":{"start":{"line":727,"column":16},"end":{"line":727,"column":51}},"495":{"start":{"line":728,"column":16},"end":{"line":728,"column":90}},"496":{"start":{"line":729,"column":16},"end":{"line":729,"column":74}},"497":{"start":{"line":731,"column":12},"end":{"line":731,"column":17}},"498":{"start":{"line":734,"column":12},"end":{"line":734,"column":285}},"499":{"start":{"line":734,"column":27},"end":{"line":734,"column":285}},"500":{"start":{"line":735,"column":12},"end":{"line":735,"column":119}},"501":{"start":{"line":735,"column":26},"end":{"line":735,"column":119}},"502":{"start":{"line":736,"column":32},"end":{"line":736,"column":45}},"503":{"start":{"line":737,"column":26},"end":{"line":737,"column":64}},"504":{"start":{"line":738,"column":16},"end":{"line":738,"column":44}},"505":{"start":{"line":739,"column":16},"end":{"line":739,"column":90}},"506":{"start":{"line":740,"column":16},"end":{"line":740,"column":68}},"507":{"start":{"line":741,"column":12},"end":{"line":741,"column":17}},"508":{"start":{"line":744,"column":12},"end":{"line":744,"column":109}},"509":{"start":{"line":744,"column":26},"end":{"line":744,"column":109}},"510":{"start":{"line":745,"column":26},"end":{"line":745,"column":68}},"511":{"start":{"line":746,"column":16},"end":{"line":746,"column":44}},"512":{"start":{"line":747,"column":16},"end":{"line":747,"column":90}},"513":{"start":{"line":748,"column":16},"end":{"line":748,"column":59}},"514":{"start":{"line":749,"column":12},"end":{"line":749,"column":17}},"515":{"start":{"line":753,"column":12},"end":{"line":753,"column":172}},"516":{"start":{"line":753,"column":33},"end":{"line":753,"column":172}},"517":{"start":{"line":754,"column":12},"end":{"line":754,"column":170}},"518":{"start":{"line":754,"column":35},"end":{"line":754,"column":170}},"519":{"start":{"line":755,"column":12},"end":{"line":766,"column":17}},"520":{"start":{"line":756,"column":16},"end":{"line":756,"column":86}},"521":{"start":{"line":757,"column":16},"end":{"line":763,"column":20}},"522":{"start":{"line":758,"column":16},"end":{"line":758,"column":69}},"523":{"start":{"line":759,"column":16},"end":{"line":759,"column":176}},"524":{"start":{"line":762,"column":24},"end":{"line":762,"column":190}},"525":{"start":{"line":765,"column":20},"end":{"line":765,"column":148}},"526":{"start":{"line":767,"column":12},"end":{"line":767,"column":39}},"527":{"start":{"line":768,"column":12},"end":{"line":768,"column":17}},"528":{"start":{"line":771,"column":12},"end":{"line":771,"column":172}},"529":{"start":{"line":771,"column":33},"end":{"line":771,"column":172}},"530":{"start":{"line":772,"column":12},"end":{"line":772,"column":154}},"531":{"start":{"line":772,"column":35},"end":{"line":772,"column":154}},"532":{"start":{"line":773,"column":24},"end":{"line":773,"column":37}},"533":{"start":{"line":774,"column":26},"end":{"line":774,"column":102}},"534":{"start":{"line":775,"column":12},"end":{"line":775,"column":49}},"535":{"start":{"line":776,"column":12},"end":{"line":776,"column":30}},"536":{"start":{"line":777,"column":12},"end":{"line":777,"column":39}},"537":{"start":{"line":778,"column":12},"end":{"line":778,"column":17}},"538":{"start":{"line":781,"column":12},"end":{"line":785,"column":13}},"539":{"start":{"line":782,"column":16},"end":{"line":782,"column":107}},"540":{"start":{"line":782,"column":54},"end":{"line":782,"column":106}},"541":{"start":{"line":784,"column":16},"end":{"line":784,"column":27}},"542":{"start":{"line":786,"column":12},"end":{"line":786,"column":39}},"543":{"start":{"line":787,"column":12},"end":{"line":787,"column":17}},"544":{"start":{"line":790,"column":12},"end":{"line":790,"column":172}},"545":{"start":{"line":790,"column":33},"end":{"line":790,"column":172}},"546":{"start":{"line":791,"column":26},"end":{"line":791,"column":65}},"547":{"start":{"line":792,"column":29},"end":{"line":792,"column":56}},"548":{"start":{"line":794,"column":12},"end":{"line":794,"column":247}},"549":{"start":{"line":794,"column":232},"end":{"line":794,"column":246}},"550":{"start":{"line":795,"column":12},"end":{"line":795,"column":39}},"551":{"start":{"line":796,"column":12},"end":{"line":796,"column":17}},"552":{"start":{"line":799,"column":12},"end":{"line":799,"column":172}},"553":{"start":{"line":799,"column":33},"end":{"line":799,"column":172}},"554":{"start":{"line":800,"column":12},"end":{"line":809,"column":14}},"555":{"start":{"line":801,"column":25},"end":{"line":801,"column":35}},"556":{"start":{"line":803,"column":34},"end":{"line":803,"column":50}},"557":{"start":{"line":804,"column":35},"end":{"line":804,"column":94}},"558":{"start":{"line":805,"column":16},"end":{"line":805,"column":80}},"559":{"start":{"line":808,"column":16},"end":{"line":808,"column":57}},"560":{"start":{"line":810,"column":12},"end":{"line":810,"column":17}},"561":{"start":{"line":814,"column":12},"end":{"line":814,"column":109}},"562":{"start":{"line":814,"column":29},"end":{"line":814,"column":109}},"563":{"start":{"line":815,"column":12},"end":{"line":815,"column":158}},"564":{"start":{"line":815,"column":33},"end":{"line":815,"column":158}},"565":{"start":{"line":816,"column":12},"end":{"line":816,"column":177}},"566":{"start":{"line":816,"column":35},"end":{"line":816,"column":177}},"567":{"start":{"line":817,"column":25},"end":{"line":817,"column":89}},"568":{"start":{"line":818,"column":27},"end":{"line":818,"column":48}},"569":{"start":{"line":819,"column":28},"end":{"line":819,"column":39}},"570":{"start":{"line":820,"column":24},"end":{"line":820,"column":113}},"571":{"start":{"line":821,"column":12},"end":{"line":821,"column":143}},"572":{"start":{"line":821,"column":66},"end":{"line":821,"column":142}},"573":{"start":{"line":822,"column":12},"end":{"line":822,"column":34}},"574":{"start":{"line":823,"column":12},"end":{"line":823,"column":17}},"575":{"start":{"line":826,"column":12},"end":{"line":835,"column":14}},"576":{"start":{"line":827,"column":25},"end":{"line":827,"column":35}},"577":{"start":{"line":829,"column":31},"end":{"line":829,"column":47}},"578":{"start":{"line":830,"column":32},"end":{"line":830,"column":85}},"579":{"start":{"line":831,"column":16},"end":{"line":831,"column":49}},"580":{"start":{"line":834,"column":16},"end":{"line":834,"column":57}},"581":{"start":{"line":836,"column":12},"end":{"line":836,"column":17}},"582":{"start":{"line":839,"column":12},"end":{"line":848,"column":14}},"583":{"start":{"line":840,"column":25},"end":{"line":840,"column":35}},"584":{"start":{"line":842,"column":33},"end":{"line":842,"column":49}},"585":{"start":{"line":843,"column":34},"end":{"line":843,"column":91}},"586":{"start":{"line":844,"column":16},"end":{"line":844,"column":51}},"587":{"start":{"line":847,"column":16},"end":{"line":847,"column":57}},"588":{"start":{"line":849,"column":12},"end":{"line":849,"column":17}},"589":{"start":{"line":852,"column":12},"end":{"line":861,"column":14}},"590":{"start":{"line":853,"column":25},"end":{"line":853,"column":35}},"591":{"start":{"line":855,"column":34},"end":{"line":855,"column":50}},"592":{"start":{"line":856,"column":35},"end":{"line":856,"column":94}},"593":{"start":{"line":857,"column":16},"end":{"line":857,"column":80}},"594":{"start":{"line":860,"column":16},"end":{"line":860,"column":57}},"595":{"start":{"line":862,"column":12},"end":{"line":862,"column":17}},"596":{"start":{"line":865,"column":16},"end":{"line":865,"column":168}},"597":{"start":{"line":865,"column":29},"end":{"line":865,"column":168}},"598":{"start":{"line":867,"column":27},"end":{"line":867,"column":50}},"599":{"start":{"line":868,"column":16},"end":{"line":868,"column":85}},"600":{"start":{"line":868,"column":33},"end":{"line":868,"column":85}},"601":{"start":{"line":869,"column":16},"end":{"line":869,"column":84}},"602":{"start":{"line":869,"column":29},"end":{"line":869,"column":84}},"603":{"start":{"line":870,"column":31},"end":{"line":870,"column":51}},"604":{"start":{"line":871,"column":16},"end":{"line":871,"column":51}},"605":{"start":{"line":872,"column":16},"end":{"line":872,"column":73}},"606":{"start":{"line":873,"column":12},"end":{"line":873,"column":18}},"607":{"start":{"line":878,"column":12},"end":{"line":878,"column":172}},"608":{"start":{"line":878,"column":33},"end":{"line":878,"column":172}},"609":{"start":{"line":879,"column":12},"end":{"line":897,"column":13}},"610":{"start":{"line":880,"column":34},"end":{"line":880,"column":73}},"611":{"start":{"line":881,"column":36},"end":{"line":881,"column":93}},"612":{"start":{"line":882,"column":16},"end":{"line":882,"column":66}},"613":{"start":{"line":883,"column":19},"end":{"line":897,"column":13}},"614":{"start":{"line":884,"column":34},"end":{"line":884,"column":75}},"615":{"start":{"line":885,"column":36},"end":{"line":885,"column":103}},"616":{"start":{"line":886,"column":16},"end":{"line":886,"column":66}},"617":{"start":{"line":887,"column":19},"end":{"line":897,"column":13}},"618":{"start":{"line":888,"column":28},"end":{"line":888,"column":35}},"619":{"start":{"line":889,"column":16},"end":{"line":894,"column":17}},"620":{"start":{"line":890,"column":20},"end":{"line":891,"column":77}},"621":{"start":{"line":891,"column":38},"end":{"line":891,"column":76}},"622":{"start":{"line":893,"column":20},"end":{"line":893,"column":57}},"623":{"start":{"line":896,"column":20},"end":{"line":896,"column":57}},"624":{"start":{"line":898,"column":12},"end":{"line":898,"column":17}},"625":{"start":{"line":901,"column":16},"end":{"line":901,"column":168}},"626":{"start":{"line":901,"column":29},"end":{"line":901,"column":168}},"627":{"start":{"line":902,"column":16},"end":{"line":902,"column":176}},"628":{"start":{"line":902,"column":37},"end":{"line":902,"column":176}},"629":{"start":{"line":903,"column":16},"end":{"line":903,"column":121}},"630":{"start":{"line":903,"column":33},"end":{"line":903,"column":121}},"631":{"start":{"line":904,"column":16},"end":{"line":942,"column":17}},"632":{"start":{"line":906,"column":35},"end":{"line":906,"column":102}},"633":{"start":{"line":907,"column":20},"end":{"line":938,"column":21}},"634":{"start":{"line":909,"column":24},"end":{"line":934,"column":25}},"635":{"start":{"line":911,"column":44},"end":{"line":911,"column":73}},"636":{"start":{"line":912,"column":28},"end":{"line":921,"column":29}},"637":{"start":{"line":914,"column":32},"end":{"line":918,"column":33}},"638":{"start":{"line":915,"column":36},"end":{"line":915,"column":89}},"639":{"start":{"line":917,"column":36},"end":{"line":917,"column":82}},"640":{"start":{"line":920,"column":32},"end":{"line":920,"column":76}},"641":{"start":{"line":922,"column":30},"end":{"line":934,"column":25}},"642":{"start":{"line":923,"column":44},"end":{"line":923,"column":84}},"643":{"start":{"line":924,"column":28},"end":{"line":933,"column":29}},"644":{"start":{"line":926,"column":32},"end":{"line":930,"column":33}},"645":{"start":{"line":927,"column":36},"end":{"line":927,"column":89}},"646":{"start":{"line":929,"column":36},"end":{"line":929,"column":82}},"647":{"start":{"line":932,"column":32},"end":{"line":932,"column":76}},"648":{"start":{"line":937,"column":24},"end":{"line":937,"column":75}},"649":{"start":{"line":941,"column":20},"end":{"line":941,"column":38}},"650":{"start":{"line":943,"column":12},"end":{"line":943,"column":18}},"651":{"start":{"line":946,"column":12},"end":{"line":946,"column":164}},"652":{"start":{"line":946,"column":25},"end":{"line":946,"column":164}},"653":{"start":{"line":948,"column":12},"end":{"line":948,"column":158}},"654":{"start":{"line":948,"column":33},"end":{"line":948,"column":158}},"655":{"start":{"line":950,"column":12},"end":{"line":950,"column":34}},"656":{"start":{"line":951,"column":12},"end":{"line":951,"column":134}},"657":{"start":{"line":951,"column":35},"end":{"line":951,"column":134}},"658":{"start":{"line":952,"column":26},"end":{"line":952,"column":40}},"659":{"start":{"line":953,"column":25},"end":{"line":953,"column":85}},"660":{"start":{"line":954,"column":22},"end":{"line":954,"column":59}},"661":{"start":{"line":955,"column":27},"end":{"line":955,"column":66}},"662":{"start":{"line":956,"column":26},"end":{"line":956,"column":53}},"663":{"start":{"line":957,"column":27},"end":{"line":957,"column":78}},"664":{"start":{"line":958,"column":12},"end":{"line":958,"column":101}},"665":{"start":{"line":959,"column":12},"end":{"line":959,"column":17}},"666":{"start":{"line":963,"column":12},"end":{"line":963,"column":158}},"667":{"start":{"line":963,"column":33},"end":{"line":963,"column":158}},"668":{"start":{"line":965,"column":12},"end":{"line":965,"column":34}},"669":{"start":{"line":966,"column":34},"end":{"line":966,"column":60}},"670":{"start":{"line":967,"column":25},"end":{"line":967,"column":54}},"671":{"start":{"line":968,"column":25},"end":{"line":968,"column":74}},"672":{"start":{"line":969,"column":26},"end":{"line":969,"column":72}},"673":{"start":{"line":971,"column":12},"end":{"line":985,"column":14}},"674":{"start":{"line":973,"column":22},"end":{"line":973,"column":61}},"675":{"start":{"line":974,"column":27},"end":{"line":974,"column":70}},"676":{"start":{"line":975,"column":12},"end":{"line":984,"column":22}},"677":{"start":{"line":978,"column":22},"end":{"line":978,"column":56}},"678":{"start":{"line":979,"column":12},"end":{"line":979,"column":66}},"679":{"start":{"line":983,"column":24},"end":{"line":983,"column":43}},"680":{"start":{"line":986,"column":12},"end":{"line":986,"column":17}},"681":{"start":{"line":991,"column":12},"end":{"line":991,"column":172}},"682":{"start":{"line":991,"column":33},"end":{"line":991,"column":172}},"683":{"start":{"line":992,"column":12},"end":{"line":992,"column":87}},"684":{"start":{"line":993,"column":12},"end":{"line":1005,"column":13}},"685":{"start":{"line":994,"column":16},"end":{"line":999,"column":17}},"686":{"start":{"line":995,"column":38},"end":{"line":995,"column":77}},"687":{"start":{"line":996,"column":20},"end":{"line":996,"column":134}},"688":{"start":{"line":998,"column":20},"end":{"line":998,"column":99}},"689":{"start":{"line":1000,"column":19},"end":{"line":1005,"column":13}},"690":{"start":{"line":1001,"column":34},"end":{"line":1001,"column":75}},"691":{"start":{"line":1002,"column":16},"end":{"line":1002,"column":130}},"692":{"start":{"line":1004,"column":16},"end":{"line":1004,"column":125}},"693":{"start":{"line":1006,"column":12},"end":{"line":1006,"column":39}},"694":{"start":{"line":1007,"column":12},"end":{"line":1007,"column":17}},"695":{"start":{"line":1011,"column":12},"end":{"line":1011,"column":172}},"696":{"start":{"line":1011,"column":33},"end":{"line":1011,"column":172}},"697":{"start":{"line":1012,"column":24},"end":{"line":1012,"column":111}},"698":{"start":{"line":1013,"column":23},"end":{"line":1013,"column":70}},"699":{"start":{"line":1014,"column":24},"end":{"line":1014,"column":67}},"700":{"start":{"line":1015,"column":12},"end":{"line":1019,"column":15}},"701":{"start":{"line":1016,"column":24},"end":{"line":1016,"column":63}},"702":{"start":{"line":1017,"column":29},"end":{"line":1017,"column":68}},"703":{"start":{"line":1018,"column":16},"end":{"line":1018,"column":89}},"704":{"start":{"line":1020,"column":12},"end":{"line":1020,"column":17}},"705":{"start":{"line":1025,"column":12},"end":{"line":1025,"column":164}},"706":{"start":{"line":1025,"column":25},"end":{"line":1025,"column":164}},"707":{"start":{"line":1026,"column":12},"end":{"line":1026,"column":172}},"708":{"start":{"line":1026,"column":33},"end":{"line":1026,"column":172}},"709":{"start":{"line":1027,"column":12},"end":{"line":1027,"column":147}},"710":{"start":{"line":1027,"column":35},"end":{"line":1027,"column":147}},"711":{"start":{"line":1029,"column":12},"end":{"line":1029,"column":162}},"712":{"start":{"line":1029,"column":88},"end":{"line":1029,"column":162}},"713":{"start":{"line":1031,"column":25},"end":{"line":1031,"column":39}},"714":{"start":{"line":1032,"column":12},"end":{"line":1032,"column":77}},"715":{"start":{"line":1033,"column":12},"end":{"line":1053,"column":13}},"716":{"start":{"line":1034,"column":17},"end":{"line":1050,"column":18}},"717":{"start":{"line":1035,"column":37},"end":{"line":1035,"column":59}},"718":{"start":{"line":1036,"column":21},"end":{"line":1036,"column":184}},"719":{"start":{"line":1036,"column":50},"end":{"line":1036,"column":184}},"720":{"start":{"line":1037,"column":21},"end":{"line":1041,"column":22}},"721":{"start":{"line":1038,"column":25},"end":{"line":1038,"column":78}},"722":{"start":{"line":1040,"column":25},"end":{"line":1040,"column":41}},"723":{"start":{"line":1043,"column":37},"end":{"line":1043,"column":72}},"724":{"start":{"line":1044,"column":21},"end":{"line":1044,"column":184}},"725":{"start":{"line":1044,"column":50},"end":{"line":1044,"column":184}},"726":{"start":{"line":1045,"column":21},"end":{"line":1049,"column":22}},"727":{"start":{"line":1046,"column":25},"end":{"line":1046,"column":78}},"728":{"start":{"line":1048,"column":25},"end":{"line":1048,"column":41}},"729":{"start":{"line":1052,"column":16},"end":{"line":1052,"column":32}},"730":{"start":{"line":1055,"column":12},"end":{"line":1093,"column":18}},"731":{"start":{"line":1057,"column":36},"end":{"line":1057,"column":103}},"732":{"start":{"line":1058,"column":21},"end":{"line":1089,"column":22}},"733":{"start":{"line":1060,"column":25},"end":{"line":1085,"column":20}},"734":{"start":{"line":1062,"column":45},"end":{"line":1062,"column":74}},"735":{"start":{"line":1063,"column":29},"end":{"line":1072,"column":30}},"736":{"start":{"line":1065,"column":33},"end":{"line":1069,"column":34}},"737":{"start":{"line":1066,"column":37},"end":{"line":1066,"column":90}},"738":{"start":{"line":1068,"column":37},"end":{"line":1068,"column":83}},"739":{"start":{"line":1071,"column":33},"end":{"line":1071,"column":77}},"740":{"start":{"line":1073,"column":31},"end":{"line":1085,"column":20}},"741":{"start":{"line":1074,"column":45},"end":{"line":1074,"column":85}},"742":{"start":{"line":1075,"column":29},"end":{"line":1084,"column":30}},"743":{"start":{"line":1077,"column":33},"end":{"line":1081,"column":34}},"744":{"start":{"line":1078,"column":37},"end":{"line":1078,"column":90}},"745":{"start":{"line":1080,"column":37},"end":{"line":1080,"column":83}},"746":{"start":{"line":1083,"column":33},"end":{"line":1083,"column":77}},"747":{"start":{"line":1088,"column":25},"end":{"line":1088,"column":76}},"748":{"start":{"line":1092,"column":21},"end":{"line":1092,"column":39}},"749":{"start":{"line":1094,"column":12},"end":{"line":1094,"column":39}},"750":{"start":{"line":1095,"column":12},"end":{"line":1095,"column":18}},"751":{"start":{"line":1100,"column":12},"end":{"line":1100,"column":172}},"752":{"start":{"line":1100,"column":33},"end":{"line":1100,"column":172}},"753":{"start":{"line":1101,"column":24},"end":{"line":1101,"column":106}},"754":{"start":{"line":1102,"column":23},"end":{"line":1102,"column":70}},"755":{"start":{"line":1103,"column":24},"end":{"line":1103,"column":67}},"756":{"start":{"line":1104,"column":12},"end":{"line":1108,"column":15}},"757":{"start":{"line":1105,"column":24},"end":{"line":1105,"column":63}},"758":{"start":{"line":1106,"column":29},"end":{"line":1106,"column":68}},"759":{"start":{"line":1107,"column":16},"end":{"line":1107,"column":102}},"760":{"start":{"line":1109,"column":12},"end":{"line":1109,"column":17}},"761":{"start":{"line":1112,"column":12},"end":{"line":1112,"column":172}},"762":{"start":{"line":1112,"column":33},"end":{"line":1112,"column":172}},"763":{"start":{"line":1113,"column":12},"end":{"line":1113,"column":109}},"764":{"start":{"line":1113,"column":29},"end":{"line":1113,"column":109}},"765":{"start":{"line":1114,"column":12},"end":{"line":1114,"column":158}},"766":{"start":{"line":1114,"column":33},"end":{"line":1114,"column":158}},"767":{"start":{"line":1116,"column":12},"end":{"line":1116,"column":34}},"768":{"start":{"line":1117,"column":12},"end":{"line":1117,"column":123}},"769":{"start":{"line":1117,"column":35},"end":{"line":1117,"column":123}},"770":{"start":{"line":1118,"column":12},"end":{"line":1118,"column":40}},"771":{"start":{"line":1119,"column":12},"end":{"line":1119,"column":34}},"772":{"start":{"line":1120,"column":29},"end":{"line":1120,"column":63}},"773":{"start":{"line":1121,"column":12},"end":{"line":1121,"column":35}},"774":{"start":{"line":1122,"column":25},"end":{"line":1122,"column":51}},"775":{"start":{"line":1123,"column":12},"end":{"line":1123,"column":29}},"776":{"start":{"line":1124,"column":12},"end":{"line":1134,"column":12}},"777":{"start":{"line":1125,"column":26},"end":{"line":1125,"column":98}},"778":{"start":{"line":1126,"column":31},"end":{"line":1126,"column":41}},"779":{"start":{"line":1127,"column":26},"end":{"line":1127,"column":54}},"780":{"start":{"line":1128,"column":27},"end":{"line":1128,"column":78}},"781":{"start":{"line":1129,"column":12},"end":{"line":1129,"column":80}},"782":{"start":{"line":1131,"column":13},"end":{"line":1131,"column":39}},"783":{"start":{"line":1132,"column":13},"end":{"line":1132,"column":105}},"784":{"start":{"line":1133,"column":13},"end":{"line":1133,"column":63}},"785":{"start":{"line":1135,"column":10},"end":{"line":1135,"column":15}},"786":{"start":{"line":1139,"column":12},"end":{"line":1139,"column":117}},"787":{"start":{"line":1139,"column":29},"end":{"line":1139,"column":117}},"788":{"start":{"line":1140,"column":27},"end":{"line":1140,"column":65}},"789":{"start":{"line":1141,"column":23},"end":{"line":1141,"column":46}},"790":{"start":{"line":1142,"column":28},"end":{"line":1142,"column":32}},"791":{"start":{"line":1143,"column":25},"end":{"line":1143,"column":49}},"792":{"start":{"line":1144,"column":24},"end":{"line":1144,"column":46}},"793":{"start":{"line":1145,"column":26},"end":{"line":1145,"column":48}},"794":{"start":{"line":1146,"column":25},"end":{"line":1146,"column":54}},"795":{"start":{"line":1147,"column":26},"end":{"line":1147,"column":52}},"796":{"start":{"line":1148,"column":23},"end":{"line":1148,"column":46}},"797":{"start":{"line":1149,"column":27},"end":{"line":1149,"column":72}},"798":{"start":{"line":1150,"column":12},"end":{"line":1154,"column":13}},"799":{"start":{"line":1151,"column":27},"end":{"line":1151,"column":35}},"800":{"start":{"line":1153,"column":27},"end":{"line":1153,"column":35}},"801":{"start":{"line":1155,"column":12},"end":{"line":1164,"column":9}},"802":{"start":{"line":1165,"column":12},"end":{"line":1165,"column":17}},"803":{"start":{"line":1178,"column":12},"end":{"line":1178,"column":285}},"804":{"start":{"line":1178,"column":27},"end":{"line":1178,"column":285}},"805":{"start":{"line":1179,"column":12},"end":{"line":1179,"column":110}},"806":{"start":{"line":1179,"column":35},"end":{"line":1179,"column":110}},"807":{"start":{"line":1180,"column":24},"end":{"line":1180,"column":29}},"808":{"start":{"line":1181,"column":20},"end":{"line":1185,"column":22}},"809":{"start":{"line":1182,"column":24},"end":{"line":1184,"column":25}},"810":{"start":{"line":1183,"column":28},"end":{"line":1183,"column":37}},"811":{"start":{"line":1186,"column":20},"end":{"line":1189,"column":21}},"812":{"start":{"line":1187,"column":24},"end":{"line":1187,"column":54}},"813":{"start":{"line":1188,"column":24},"end":{"line":1188,"column":83}},"814":{"start":{"line":1190,"column":24},"end":{"line":1190,"column":138}},"815":{"start":{"line":1191,"column":20},"end":{"line":1191,"column":25}},"816":{"start":{"line":1251,"column":12},"end":{"line":1251,"column":172}},"817":{"start":{"line":1251,"column":33},"end":{"line":1251,"column":172}},"818":{"start":{"line":1252,"column":12},"end":{"line":1252,"column":113}},"819":{"start":{"line":1252,"column":34},"end":{"line":1252,"column":113}},"820":{"start":{"line":1253,"column":12},"end":{"line":1253,"column":87}},"821":{"start":{"line":1254,"column":22},"end":{"line":1254,"column":49}},"822":{"start":{"line":1255,"column":27},"end":{"line":1255,"column":45}},"823":{"start":{"line":1256,"column":12},"end":{"line":1285,"column":13}},"824":{"start":{"line":1257,"column":16},"end":{"line":1282,"column":17}},"825":{"start":{"line":1258,"column":28},"end":{"line":1260,"column":18}},"826":{"start":{"line":1261,"column":25},"end":{"line":1261,"column":48}},"827":{"start":{"line":1262,"column":12},"end":{"line":1281,"column":19}},"828":{"start":{"line":1267,"column":12},"end":{"line":1267,"column":42}},"829":{"start":{"line":1268,"column":12},"end":{"line":1268,"column":47}},"830":{"start":{"line":1269,"column":12},"end":{"line":1269,"column":40}},"831":{"start":{"line":1270,"column":12},"end":{"line":1270,"column":68}},"832":{"start":{"line":1270,"column":41},"end":{"line":1270,"column":66}},"833":{"start":{"line":1271,"column":28},"end":{"line":1273,"column":17}},"834":{"start":{"line":1274,"column":25},"end":{"line":1274,"column":78}},"835":{"start":{"line":1275,"column":12},"end":{"line":1275,"column":50}},"836":{"start":{"line":1276,"column":12},"end":{"line":1276,"column":28}},"837":{"start":{"line":1279,"column":12},"end":{"line":1279,"column":61}},"838":{"start":{"line":1280,"column":16},"end":{"line":1280,"column":50}},"839":{"start":{"line":1284,"column":12},"end":{"line":1284,"column":44}},"840":{"start":{"line":1286,"column":12},"end":{"line":1286,"column":17}},"841":{"start":{"line":1289,"column":12},"end":{"line":1289,"column":172}},"842":{"start":{"line":1289,"column":33},"end":{"line":1289,"column":172}},"843":{"start":{"line":1290,"column":12},"end":{"line":1290,"column":109}},"844":{"start":{"line":1290,"column":34},"end":{"line":1290,"column":109}},"845":{"start":{"line":1291,"column":12},"end":{"line":1291,"column":87}},"846":{"start":{"line":1292,"column":23},"end":{"line":1292,"column":50}},"847":{"start":{"line":1293,"column":12},"end":{"line":1321,"column":13}},"848":{"start":{"line":1294,"column":16},"end":{"line":1318,"column":17}},"849":{"start":{"line":1295,"column":28},"end":{"line":1297,"column":18}},"850":{"start":{"line":1298,"column":25},"end":{"line":1298,"column":48}},"851":{"start":{"line":1299,"column":12},"end":{"line":1317,"column":19}},"852":{"start":{"line":1304,"column":12},"end":{"line":1304,"column":43}},"853":{"start":{"line":1305,"column":12},"end":{"line":1305,"column":40}},"854":{"start":{"line":1306,"column":12},"end":{"line":1306,"column":68}},"855":{"start":{"line":1306,"column":41},"end":{"line":1306,"column":66}},"856":{"start":{"line":1307,"column":28},"end":{"line":1309,"column":17}},"857":{"start":{"line":1310,"column":25},"end":{"line":1310,"column":78}},"858":{"start":{"line":1311,"column":12},"end":{"line":1311,"column":50}},"859":{"start":{"line":1312,"column":12},"end":{"line":1312,"column":28}},"860":{"start":{"line":1315,"column":12},"end":{"line":1315,"column":61}},"861":{"start":{"line":1316,"column":16},"end":{"line":1316,"column":47}},"862":{"start":{"line":1320,"column":12},"end":{"line":1320,"column":44}},"863":{"start":{"line":1322,"column":12},"end":{"line":1322,"column":17}},"864":{"start":{"line":1325,"column":12},"end":{"line":1325,"column":172}},"865":{"start":{"line":1325,"column":33},"end":{"line":1325,"column":172}},"866":{"start":{"line":1326,"column":12},"end":{"line":1326,"column":109}},"867":{"start":{"line":1326,"column":34},"end":{"line":1326,"column":109}},"868":{"start":{"line":1327,"column":12},"end":{"line":1327,"column":87}},"869":{"start":{"line":1328,"column":24},"end":{"line":1328,"column":51}},"870":{"start":{"line":1329,"column":12},"end":{"line":1357,"column":13}},"871":{"start":{"line":1330,"column":16},"end":{"line":1354,"column":17}},"872":{"start":{"line":1331,"column":28},"end":{"line":1333,"column":18}},"873":{"start":{"line":1334,"column":25},"end":{"line":1334,"column":48}},"874":{"start":{"line":1335,"column":12},"end":{"line":1353,"column":19}},"875":{"start":{"line":1340,"column":12},"end":{"line":1340,"column":44}},"876":{"start":{"line":1341,"column":12},"end":{"line":1341,"column":40}},"877":{"start":{"line":1342,"column":12},"end":{"line":1342,"column":68}},"878":{"start":{"line":1342,"column":41},"end":{"line":1342,"column":66}},"879":{"start":{"line":1343,"column":28},"end":{"line":1345,"column":17}},"880":{"start":{"line":1346,"column":25},"end":{"line":1346,"column":78}},"881":{"start":{"line":1347,"column":12},"end":{"line":1347,"column":50}},"882":{"start":{"line":1348,"column":12},"end":{"line":1348,"column":28}},"883":{"start":{"line":1351,"column":12},"end":{"line":1351,"column":61}},"884":{"start":{"line":1352,"column":16},"end":{"line":1352,"column":47}},"885":{"start":{"line":1356,"column":12},"end":{"line":1356,"column":44}},"886":{"start":{"line":1358,"column":12},"end":{"line":1358,"column":17}},"887":{"start":{"line":1361,"column":12},"end":{"line":1361,"column":172}},"888":{"start":{"line":1361,"column":33},"end":{"line":1361,"column":172}},"889":{"start":{"line":1362,"column":12},"end":{"line":1362,"column":113}},"890":{"start":{"line":1362,"column":34},"end":{"line":1362,"column":113}},"891":{"start":{"line":1363,"column":12},"end":{"line":1363,"column":87}},"892":{"start":{"line":1364,"column":25},"end":{"line":1364,"column":52}},"893":{"start":{"line":1365,"column":23},"end":{"line":1365,"column":41}},"894":{"start":{"line":1366,"column":12},"end":{"line":1395,"column":13}},"895":{"start":{"line":1367,"column":16},"end":{"line":1392,"column":17}},"896":{"start":{"line":1368,"column":28},"end":{"line":1370,"column":18}},"897":{"start":{"line":1371,"column":25},"end":{"line":1371,"column":48}},"898":{"start":{"line":1372,"column":12},"end":{"line":1391,"column":19}},"899":{"start":{"line":1377,"column":12},"end":{"line":1377,"column":45}},"900":{"start":{"line":1378,"column":12},"end":{"line":1378,"column":47}},"901":{"start":{"line":1379,"column":12},"end":{"line":1379,"column":40}},"902":{"start":{"line":1380,"column":12},"end":{"line":1380,"column":68}},"903":{"start":{"line":1380,"column":41},"end":{"line":1380,"column":66}},"904":{"start":{"line":1381,"column":28},"end":{"line":1383,"column":17}},"905":{"start":{"line":1384,"column":25},"end":{"line":1384,"column":78}},"906":{"start":{"line":1385,"column":12},"end":{"line":1385,"column":50}},"907":{"start":{"line":1386,"column":12},"end":{"line":1386,"column":28}},"908":{"start":{"line":1389,"column":12},"end":{"line":1389,"column":61}},"909":{"start":{"line":1390,"column":16},"end":{"line":1390,"column":47}},"910":{"start":{"line":1394,"column":12},"end":{"line":1394,"column":44}},"911":{"start":{"line":1396,"column":12},"end":{"line":1396,"column":17}},"912":{"start":{"line":1399,"column":12},"end":{"line":1399,"column":172}},"913":{"start":{"line":1399,"column":33},"end":{"line":1399,"column":172}},"914":{"start":{"line":1400,"column":12},"end":{"line":1400,"column":113}},"915":{"start":{"line":1400,"column":34},"end":{"line":1400,"column":113}},"916":{"start":{"line":1401,"column":12},"end":{"line":1401,"column":87}},"917":{"start":{"line":1402,"column":26},"end":{"line":1402,"column":53}},"918":{"start":{"line":1403,"column":27},"end":{"line":1403,"column":45}},"919":{"start":{"line":1404,"column":12},"end":{"line":1433,"column":13}},"920":{"start":{"line":1405,"column":16},"end":{"line":1430,"column":17}},"921":{"start":{"line":1406,"column":36},"end":{"line":1408,"column":18}},"922":{"start":{"line":1409,"column":25},"end":{"line":1409,"column":48}},"923":{"start":{"line":1410,"column":12},"end":{"line":1429,"column":19}},"924":{"start":{"line":1415,"column":12},"end":{"line":1415,"column":46}},"925":{"start":{"line":1416,"column":12},"end":{"line":1416,"column":47}},"926":{"start":{"line":1417,"column":12},"end":{"line":1417,"column":40}},"927":{"start":{"line":1418,"column":12},"end":{"line":1418,"column":68}},"928":{"start":{"line":1418,"column":41},"end":{"line":1418,"column":66}},"929":{"start":{"line":1419,"column":28},"end":{"line":1421,"column":17}},"930":{"start":{"line":1422,"column":25},"end":{"line":1422,"column":78}},"931":{"start":{"line":1423,"column":12},"end":{"line":1423,"column":50}},"932":{"start":{"line":1424,"column":12},"end":{"line":1424,"column":28}},"933":{"start":{"line":1427,"column":12},"end":{"line":1427,"column":61}},"934":{"start":{"line":1428,"column":16},"end":{"line":1428,"column":47}},"935":{"start":{"line":1432,"column":12},"end":{"line":1432,"column":44}},"936":{"start":{"line":1434,"column":12},"end":{"line":1434,"column":17}},"937":{"start":{"line":1437,"column"
[...]
,"C:\\Bot\\lib\\ytmp4.js": {"path":"C:\\Bot\\lib\\ytmp4.js","statementMap":{"0":{"start":{"line":1,"column":18},"end":{"line":1,"column":38}},"1":{"start":{"line":2,"column":14},"end":{"line":2,"column":22}},"2":{"start":{"line":3,"column":14},"end":{"line":3,"column":19}},"3":{"start":{"line":4,"column":11},"end":{"line":4,"column":30}},"4":{"start":{"line":6,"column":0},"end":{"line":37,"column":1}},"5":{"start":{"line":7,"column":1},"end":{"line":34,"column":6}},"6":{"start":{"line":8,"column":18},"end":{"line":10,"column":4}},"7":{"start":{"line":11,"column":15},"end":{"line":11,"column":38}},"8":{"start":{"line":12,"column":2},"end":{"line":33,"column":5}},"9":{"start":{"line":17,"column":3},"end":{"line":17,"column":36}},"10":{"start":{"line":18,"column":3},"end":{"line":18,"column":37}},"11":{"start":{"line":19,"column":3},"end":{"line":19,"column":31}},"12":{"start":{"line":20,"column":3},"end":{"line":20,"column":59}},"13":{"start":{"line":20,"column":32},"end":{"line":20,"column":57}},"14":{"start":{"line":21,"column":19},"end":{"line":23,"column":5}},"15":{"start":{"line":24,"column":16},"end":{"line":24,"column":69}},"16":{"start":{"line":25,"column":19},"end":{"line":27,"column":4}},"17":{"start":{"line":28,"column":3},"end":{"line":28,"column":20}},"18":{"start":{"line":29,"column":3},"end":{"line":29,"column":19}},"19":{"start":{"line":32,"column":3},"end":{"line":32,"column":19}},"20":{"start":{"line":36,"column":1},"end":{"line":36,"column":26}}},"fnMap":{"0":{"name":"(anonymous_0)","decl":{"start":{"line":7,"column":2},"end":{"line":7,"column":3}},"loc":{"start":{"line":7,"column":14},"end":{"line":34,"column":2}},"line":7},"1":{"name":"(anonymous_1)","decl":{"start":{"line":16,"column":8},"end":{"line":16,"column":9}},"loc":{"start":{"line":16,"column":20},"end":{"line":30,"column":3}},"line":16},"2":{"name":"(anonymous_2)","decl":{"start":{"line":20,"column":21},"end":{"line":20,"column":22}},"loc":{"start":{"line":20,"column":32},"end":{"line":20,"column":57}},"line":20},"3":{"name":"(anonymous_3)","decl":{"start":{"line":31,"column":10},"end":{"line":31,"column":11}},"loc":{"start":{"line":31,"column":17},"end":{"line":33,"column":3}},"line":31}},"branchMap":{},"s":{"0":0,"1":0,"2":0,"3":0,"4":0,"5":0,"6":0,"7":0,"8":0,"9":0,"10":0,"11":0,"12":0,"13":0,"14":0,"15":0,"16":0,"17":0,"18":0,"19":0,"20":0},"f":{"0":0,"1":0,"2":0,"3":0},"b":{}}
,"C:\\Bot\\utils\\fetcher.js": {"path":"C:\\Bot\\utils\\fetcher.js","statementMap":{"0":{"start":{"line":1,"column":14},"end":{"line":1,"column":35}},"1":{"start":{"line":2,"column":17},"end":{"line":2,"column":37}},"2":{"start":{"line":3,"column":11},"end":{"line":3,"column":24}},"3":{"start":{"line":4,"column":23},"end":{"line":4,"column":43}},"4":{"start":{"line":5,"column":20},"end":{"line":5,"column":48}},"5":{"start":{"line":14,"column":18},"end":{"line":23,"column":5}},"6":{"start":{"line":15,"column":4},"end":{"line":23,"column":5}},"7":{"start":{"line":16,"column":8},"end":{"line":22,"column":14}},"8":{"start":{"line":17,"column":30},"end":{"line":17,"column":45}},"9":{"start":{"line":18,"column":26},"end":{"line":18,"column":39}},"10":{"start":{"line":20,"column":16},"end":{"line":20,"column":34}},"11":{"start":{"line":21,"column":16},"end":{"line":21,"column":27}},"12":{"start":{"line":32,"column":18},"end":{"line":42,"column":1}},"13":{"start":{"line":33,"column":4},"end":{"line":41,"column":6}},"14":{"start":{"line":34,"column":8},"end":{"line":40,"column":14}},"15":{"start":{"line":35,"column":30},"end":{"line":35,"column":45}},"16":{"start":{"line":36,"column":26},"end":{"line":36,"column":39}},"17":{"start":{"line":38,"column":16},"end":{"line":38,"column":34}},"18":{"start":{"line":39,"column":16},"end":{"line":39,"column":27}},"19":{"start":{"line":49,"column":20},"end":{"line":63,"column":1}},"20":{"start":{"line":50,"column":4},"end":{"line":62,"column":6}},"21":{"start":{"line":51,"column":8},"end":{"line":51,"column":44}},"22":{"start":{"line":52,"column":8},"end":{"line":61,"column":14}},"23":{"start":{"line":54,"column":34},"end":{"line":54,"column":77}},"24":{"start":{"line":55,"column":16},"end":{"line":56,"column":103}},"25":{"start":{"line":56,"column":38},"end":{"line":56,"column":102}},"26":{"start":{"line":59,"column":16},"end":{"line":59,"column":34}},"27":{"start":{"line":60,"column":16},"end":{"line":60,"column":27}},"28":{"start":{"line":72,"column":21},"end":{"line":97,"column":1}},"29":{"start":{"line":74,"column":4},"end":{"line":96,"column":6}},"30":{"start":{"line":75,"column":24},"end":{"line":75,"column":50}},"31":{"start":{"line":76,"column":25},"end":{"line":76,"column":43}},"32":{"start":{"line":77,"column":26},"end":{"line":77,"column":78}},"33":{"start":{"line":78,"column":8},"end":{"line":95,"column":10}},"34":{"start":{"line":79,"column":12},"end":{"line":79,"column":39}},"35":{"start":{"line":79,"column":21},"end":{"line":79,"column":39}},"36":{"start":{"line":80,"column":12},"end":{"line":80,"column":66}},"37":{"start":{"line":81,"column":29},"end":{"line":81,"column":54}},"38":{"start":{"line":82,"column":25},"end":{"line":82,"column":39}},"39":{"start":{"line":83,"column":12},"end":{"line":83,"column":55}},"40":{"start":{"line":84,"column":12},"end":{"line":94,"column":42}},"41":{"start":{"line":88,"column":29},"end":{"line":88,"column":39}},"42":{"start":{"line":90,"column":20},"end":{"line":90,"column":59}},"43":{"start":{"line":90,"column":35},"end":{"line":90,"column":59}},"44":{"start":{"line":91,"column":20},"end":{"line":91,"column":62}},"45":{"start":{"line":93,"column":28},"end":{"line":93,"column":51}},"46":{"start":{"line":94,"column":30},"end":{"line":94,"column":41}},"47":{"start":{"line":99,"column":0},"end":{"line":104,"column":1}}},"fnMap":{"0":{"name":"(anonymous_0)","decl":{"start":{"line":14,"column":18},"end":{"line":14,"column":19}},"loc":{"start":{"line":15,"column":4},"end":{"line":23,"column":5}},"line":15},"1":{"name":"(anonymous_1)","decl":{"start":{"line":15,"column":16},"end":{"line":15,"column":17}},"loc":{"start":{"line":16,"column":8},"end":{"line":22,"column":14}},"line":16},"2":{"name":"(anonymous_2)","decl":{"start":{"line":17,"column":18},"end":{"line":17,"column":19}},"loc":{"start":{"line":17,"column":30},"end":{"line":17,"column":45}},"line":17},"3":{"name":"(anonymous_3)","decl":{"start":{"line":18,"column":18},"end":{"line":18,"column":19}},"loc":{"start":{"line":18,"column":26},"end":{"line":18,"column":39}},"line":18},"4":{"name":"(anonymous_4)","decl":{"start":{"line":19,"column":19},"end":{"line":19,"column":20}},"loc":{"start":{"line":19,"column":26},"end":{"line":22,"column":13}},"line":19},"5":{"name":"(anonymous_5)","decl":{"start":{"line":32,"column":18},"end":{"line":32,"column":19}},"loc":{"start":{"line":32,"column":36},"end":{"line":42,"column":1}},"line":32},"6":{"name":"(anonymous_6)","decl":{"start":{"line":33,"column":23},"end":{"line":33,"column":24}},"loc":{"start":{"line":33,"column":44},"end":{"line":41,"column":5}},"line":33},"7":{"name":"(anonymous_7)","decl":{"start":{"line":35,"column":18},"end":{"line":35,"column":19}},"loc":{"start":{"line":35,"column":30},"end":{"line":35,"column":45}},"line":35},"8":{"name":"(anonymous_8)","decl":{"start":{"line":36,"column":18},"end":{"line":36,"column":19}},"loc":{"start":{"line":36,"column":26},"end":{"line":36,"column":39}},"line":36},"9":{"name":"(anonymous_9)","decl":{"start":{"line":37,"column":19},"end":{"line":37,"column":20}},"loc":{"start":{"line":37,"column":26},"end":{"line":40,"column":13}},"line":37},"10":{"name":"(anonymous_10)","decl":{"start":{"line":49,"column":20},"end":{"line":49,"column":21}},"loc":{"start":{"line":49,"column":39},"end":{"line":63,"column":1}},"line":49},"11":{"name":"(anonymous_11)","decl":{"start":{"line":50,"column":23},"end":{"line":50,"column":24}},"loc":{"start":{"line":50,"column":44},"end":{"line":62,"column":5}},"line":50},"12":{"name":"(anonymous_12)","decl":{"start":{"line":53,"column":18},"end":{"line":53,"column":19}},"loc":{"start":{"line":53,"column":27},"end":{"line":57,"column":13}},"line":53},"13":{"name":"(anonymous_13)","decl":{"start":{"line":56,"column":26},"end":{"line":56,"column":27}},"loc":{"start":{"line":56,"column":38},"end":{"line":56,"column":102}},"line":56},"14":{"name":"(anonymous_14)","decl":{"start":{"line":58,"column":19},"end":{"line":58,"column":20}},"loc":{"start":{"line":58,"column":28},"end":{"line":61,"column":13}},"line":58},"15":{"name":"(anonymous_15)","decl":{"start":{"line":72,"column":21},"end":{"line":72,"column":22}},"loc":{"start":{"line":72,"column":41},"end":{"line":97,"column":1}},"line":72},"16":{"name":"(anonymous_16)","decl":{"start":{"line":74,"column":23},"end":{"line":74,"column":24}},"loc":{"start":{"line":74,"column":50},"end":{"line":96,"column":5}},"line":74},"17":{"name":"(anonymous_17)","decl":{"start":{"line":78,"column":66},"end":{"line":78,"column":67}},"loc":{"start":{"line":78,"column":75},"end":{"line":95,"column":9}},"line":78},"18":{"name":"(anonymous_18)","decl":{"start":{"line":88,"column":22},"end":{"line":88,"column":23}},"loc":{"start":{"line":88,"column":29},"end":{"line":88,"column":39}},"line":88},"19":{"name":"(anonymous_19)","decl":{"start":{"line":89,"column":22},"end":{"line":89,"column":23}},"loc":{"start":{"line":89,"column":29},"end":{"line":92,"column":17}},"line":89},"20":{"name":"(anonymous_20)","decl":{"start":{"line":93,"column":22},"end":{"line":93,"column":23}},"loc":{"start":{"line":93,"column":28},"end":{"line":93,"column":51}},"line":93},"21":{"name":"(anonymous_21)","decl":{"start":{"line":94,"column":23},"end":{"line":94,"column":24}},"loc":{"start":{"line":94,"column":30},"end":{"line":94,"column":41}},"line":94}},"branchMap":{"0":{"loc":{"start":{"line":54,"column":34},"end":{"line":54,"column":77}},"type":"binary-expr","locations":[{"start":{"line":54,"column":34},"end":{"line":54,"column":42}},{"start":{"line":54,"column":46},"end":{"line":54,"column":77}}],"line":54},"1":{"loc":{"start":{"line":77,"column":26},"end":{"line":77,"column":78}},"type":"cond-expr","locations":[{"start":{"line":77,"column":33},"end":{"line":77,"column":67}},{"start":{"line":77,"column":70},"end":{"line":77,"column":78}}],"line":77},"2":{"loc":{"start":{"line":79,"column":12},"end":{"line":79,"column":39}},"type":"if","locations":[{"start":{"line":79,"column":12},"end":{"line":79,"column":39}},{"start":{},"end":{}}],"line":79},"3":{"loc":{"start":{"line":90,"column":20},"end":{"line":90,"column":59}},"type":"if","locations":[{"start":{"line":90,"column":20},"end":{"line":90,"column":59}},{"start":{},"end":{}}],"line":90}},"s":{"0":0,"1":0,"2":0,"3":0,"4":0,"5":0,"6":0,"7":0,"8":0,"9":0,"10":0,"11":0,"12":0,"13":0,"14":0,"15":0,"16":0,"17":0,"18":0,"19":0,"20":0,"21":0,"22":0,"23":0,"24":0,"25":0,"26":0,"27":0,"28":0,"29":0,"30":0,"31":0,"32":0,"33":0,"34":0,"35":0,"36":0,"37":0,"38":0,"39":0,"40":0,"41":0,"42":0,"43":0,"44":0,"45":0,"46":0,"47":0},"f":{"0":0,"1":0,"2":0,"3":0,"4":0,"5":0,"6":0,"7":0,"8":0,"9":0,"10":0,"11":0,"12":0,"13":0,"14":0,"15":0,"16":0,"17":0,"18":0,"19":0,"20":0,"21":0},"b":{"0":[0,0],"1":[0,0],"2":[0,0],"3":[0,0]}}
,"C:\\Bot\\utils\\imageProcessing.js": {"path":"C:\\Bot\\utils\\imageProcessing.js","statementMap":{"0":{"start":{"line":1,"column":14},"end":{"line":1,"column":30}},"1":{"start":{"line":2,"column":23},"end":{"line":2,"column":43}},"2":{"start":{"line":11,"column":0},"end":{"line":25,"column":2}},"3":{"start":{"line":11,"column":49},"end":{"line":25,"column":2}},"4":{"start":{"line":12,"column":4},"end":{"line":12,"column":37}},"5":{"start":{"line":13,"column":21},"end":{"line":13,"column":43}},"6":{"start":{"line":14,"column":4},"end":{"line":24,"column":38}},"7":{"start":{"line":18,"column":12},"end":{"line":18,"column":59}},"8":{"start":{"line":18,"column":25},"end":{"line":18,"column":59}},"9":{"start":{"line":19,"column":12},"end":{"line":19,"column":67}},"10":{"start":{"line":20,"column":37},"end":{"line":20,"column":74}},"11":{"start":{"line":21,"column":34},"end":{"line":21,"column":75}},"12":{"start":{"line":22,"column":12},"end":{"line":22,"column":34}},"13":{"start":{"line":24,"column":24},"end":{"line":24,"column":37}}},"fnMap":{"0":{"name":"(anonymous_0)","decl":{"start":{"line":11,"column":31},"end":{"line":11,"column":32}},"loc":{"start":{"line":11,"column":49},"end":{"line":25,"column":2}},"line":11},"1":{"name":"(anonymous_1)","decl":{"start":{"line":11,"column":61},"end":{"line":11,"column":62}},"loc":{"start":{"line":11,"column":88},"end":{"line":25,"column":1}},"line":11},"2":{"name":"(anonymous_2)","decl":{"start":{"line":17,"column":14},"end":{"line":17,"column":15}},"loc":{"start":{"line":17,"column":36},"end":{"line":23,"column":9}},"line":17},"3":{"name":"(anonymous_3)","decl":{"start":{"line":24,"column":15},"end":{"line":24,"column":16}},"loc":{"start":{"line":24,"column":24},"end":{"line":24,"column":37}},"line":24}},"branchMap":{"0":{"loc":{"start":{"line":18,"column":12},"end":{"line":18,"column":59}},"type":"if","locations":[{"start":{"line":18,"column":12},"end":{"line":18,"column":59}},{"start":{},"end":{}}],"line":18}},"s":{"0":0,"1":0,"2":0,"3":0,"4":0,"5":0,"6":0,"7":0,"8":0,"9":0,"10":0,"11":0,"12":0,"13":0},"f":{"0":0,"1":0,"2":0,"3":0},"b":{"0":[0,0]}}
,"C:\\Bot\\utils\\index.js": {"path":"C:\\Bot\\utils\\index.js","statementMap":{"0":{"start":{"line":1,"column":16},"end":{"line":1,"column":34}},"1":{"start":{"line":2,"column":11},"end":{"line":2,"column":30}},"2":{"start":{"line":3,"column":14},"end":{"line":3,"column":30}},"3":{"start":{"line":4,"column":15},"end":{"line":4,"column":41}},"4":{"start":{"line":5,"column":0},"end":{"line":5,"column":49}},"5":{"start":{"line":13,"column":14},"end":{"line":15,"column":1}},"6":{"start":{"line":14,"column":4},"end":{"line":14,"column":71}},"7":{"start":{"line":18,"column":19},"end":{"line":21,"column":2}},"8":{"start":{"line":18,"column":37},"end":{"line":21,"column":2}},"9":{"start":{"line":19,"column":4},"end":{"line":19,"column":151}},"10":{"start":{"line":20,"column":4},"end":{"line":20,"column":15}},"11":{"start":{"line":28,"column":20},"end":{"line":31,"column":1}},"12":{"start":{"line":30,"column":4},"end":{"line":30,"column":70}},"13":{"start":{"line":37,"column":14},"end":{"line":39,"column":1}},"14":{"start":{"line":38,"column":4},"end":{"line":38,"column":136}},"15":{"start":{"line":42,"column":28},"end":{"line":42,"column":37}},"16":{"start":{"line":48,"column":19},"end":{"line":50,"column":1}},"17":{"start":{"line":49,"column":4},"end":{"line":49,"column":42}},"18":{"start":{"line":58,"column":17},"end":{"line":64,"column":1}},"19":{"start":{"line":59,"column":2},"end":{"line":63,"column":4}},"20":{"start":{"line":60,"column":4},"end":{"line":62,"column":28}},"21":{"start":{"line":71,"column":18},"end":{"line":76,"column":1}},"22":{"start":{"line":72,"column":4},"end":{"line":72,"column":33}},"23":{"start":{"line":73,"column":4},"end":{"line":75,"column":12}},"24":{"start":{"line":74,"column":8},"end":{"line":74,"column":47}},"25":{"start":{"line":78,"column":0},"end":{"line":88,"column":1}}},"fnMap":{"0":{"name":"(anonymous_0)","decl":{"start":{"line":13,"column":14},"end":{"line":13,"column":15}},"loc":{"start":{"line":13,"column":31},"end":{"line":15,"column":1}},"line":13},"1":{"name":"(anonymous_1)","decl":{"start":{"line":18,"column":19},"end":{"line":18,"column":20}},"loc":{"start":{"line":18,"column":37},"end":{"line":21,"column":2}},"line":18},"2":{"name":"(anonymous_2)","decl":{"start":{"line":18,"column":67},"end":{"line":18,"column":68}},"loc":{"start":{"line":18,"column":77},"end":{"line":21,"column":1}},"line":18},"3":{"name":"(anonymous_3)","decl":{"start":{"line":28,"column":20},"end":{"line":28,"column":21}},"loc":{"start":{"line":28,"column":40},"end":{"line":31,"column":1}},"line":28},"4":{"name":"(anonymous_4)","decl":{"start":{"line":37,"column":14},"end":{"line":37,"column":15}},"loc":{"start":{"line":37,"column":23},"end":{"line":39,"column":1}},"line":37},"5":{"name":"(anonymous_5)","decl":{"start":{"line":48,"column":19},"end":{"line":48,"column":20}},"loc":{"start":{"line":48,"column":29},"end":{"line":50,"column":1}},"line":48},"6":{"name":"(anonymous_6)","decl":{"start":{"line":58,"column":17},"end":{"line":58,"column":18}},"loc":{"start":{"line":58,"column":42},"end":{"line":64,"column":1}},"line":58},"7":{"name":"(anonymous_7)","decl":{"start":{"line":59,"column":20},"end":{"line":59,"column":21}},"loc":{"start":{"line":59,"column":26},"end":{"line":63,"column":3}},"line":59},"8":{"name":"(anonymous_8)","decl":{"start":{"line":71,"column":18},"end":{"line":71,"column":19}},"loc":{"start":{"line":71,"column":28},"end":{"line":76,"column":1}},"line":71},"9":{"name":"(anonymous_9)","decl":{"start":{"line":73,"column":15},"end":{"line":73,"column":16}},"loc":{"start":{"line":73,"column":21},"end":{"line":75,"column":5}},"line":73}},"branchMap":{"0":{"loc":{"start":{"line":14,"column":11},"end":{"line":14,"column":71}},"type":"cond-expr","locations":[{"start":{"line":14,"column":20},"end":{"line":14,"column":42}},{"start":{"line":14,"column":45},"end":{"line":14,"column":71}}],"line":14},"1":{"loc":{"start":{"line":19,"column":4},"end":{"line":19,"column":151}},"type":"cond-expr","locations":[{"start":{"line":19,"column":15},"end":{"line":19,"column":77}},{"start":{"line":19,"column":80},"end":{"line":19,"column":151}}],"line":19},"2":{"loc":{"start":{"line":19,"column":15},"end":{"line":19,"column":77}},"type":"cond-expr","locations":[{"start":{"line":19,"column":35},"end":{"line":19,"column":55}},{"start":{"line":19,"column":58},"end":{"line":19,"column":77}}],"line":19},"3":{"loc":{"start":{"line":19,"column":80},"end":{"line":19,"column":151}},"type":"cond-expr","locations":[{"start":{"line":19,"column":103},"end":{"line":19,"column":126}},{"start":{"line":19,"column":129},"end":{"line":19,"column":151}}],"line":19}},"s":{"0":0,"1":0,"2":0,"3":0,"4":0,"5":0,"6":0,"7":0,"8":0,"9":0,"10":0,"11":0,"12":0,"13":0,"14":0,"15":0,"16":0,"17":0,"18":0,"19":0,"20":0,"21":0,"22":0,"23":0,"24":0,"25":0},"f":{"0":0,"1":0,"2":0,"3":0,"4":0,"5":0,"6":0,"7":0,"8":0,"9":0},"b":{"0":[0,0],"1":[0,0],"2":[0,0],"3":[0,0]}}
}
